{"/Users/polzovatel/Desktop/react/src/App.jsx": {"path":"/Users/polzovatel/Desktop/react/src/App.jsx","statementMap":{"0":{"start":{"line":19,"column":25},"end":{"line":19,"column":84}},"1":{"start":{"line":19,"column":36},"end":{"line":19,"column":83}},"2":{"start":{"line":20,"column":25},"end":{"line":20,"column":88}},"3":{"start":{"line":20,"column":36},"end":{"line":20,"column":87}},"4":{"start":{"line":26,"column":8},"end":{"line":26,"column":35}},"5":{"start":{"line":29,"column":8},"end":{"line":31,"column":9}},"6":{"start":{"line":30,"column":12},"end":{"line":30,"column":31}},"7":{"start":{"line":34,"column":8},"end":{"line":52,"column":14}},"8":{"start":{"line":57,"column":22},"end":{"line":59,"column":2}},"9":{"start":{"line":57,"column":34},"end":{"line":59,"column":1}}},"fnMap":{"0":{"name":"(anonymous_0)","decl":{"start":{"line":19,"column":30},"end":{"line":19,"column":31}},"loc":{"start":{"line":19,"column":36},"end":{"line":19,"column":83}},"line":19},"1":{"name":"(anonymous_1)","decl":{"start":{"line":20,"column":30},"end":{"line":20,"column":31}},"loc":{"start":{"line":20,"column":36},"end":{"line":20,"column":87}},"line":20},"2":{"name":"(anonymous_2)","decl":{"start":{"line":25,"column":4},"end":{"line":25,"column":5}},"loc":{"start":{"line":25,"column":24},"end":{"line":27,"column":5}},"line":25},"3":{"name":"(anonymous_3)","decl":{"start":{"line":28,"column":4},"end":{"line":28,"column":5}},"loc":{"start":{"line":28,"column":14},"end":{"line":53,"column":5}},"line":28},"4":{"name":"(anonymous_4)","decl":{"start":{"line":57,"column":22},"end":{"line":57,"column":23}},"loc":{"start":{"line":57,"column":34},"end":{"line":59,"column":1}},"line":57}},"branchMap":{"0":{"loc":{"start":{"line":29,"column":8},"end":{"line":31,"column":9}},"type":"if","locations":[{"start":{"line":29,"column":8},"end":{"line":31,"column":9}},{"start":{},"end":{}}],"line":29}},"s":{"0":0,"1":0,"2":0,"3":0,"4":0,"5":0,"6":0,"7":0,"8":0,"9":0},"f":{"0":0,"1":0,"2":0,"3":0,"4":0},"b":{"0":[0,0]}}
,"/Users/polzovatel/Desktop/react/src/UserName.jsx": {"path":"/Users/polzovatel/Desktop/react/src/UserName.jsx","statementMap":{"0":{"start":{"line":3,"column":17},"end":{"line":20,"column":1}},"1":{"start":{"line":4,"column":4},"end":{"line":4,"column":23}},"2":{"start":{"line":5,"column":20},"end":{"line":7,"column":5}},"3":{"start":{"line":6,"column":8},"end":{"line":6,"column":47}},"4":{"start":{"line":8,"column":4},"end":{"line":19,"column":6}}},"fnMap":{"0":{"name":"(anonymous_0)","decl":{"start":{"line":3,"column":17},"end":{"line":3,"column":18}},"loc":{"start":{"line":3,"column":28},"end":{"line":20,"column":1}},"line":3},"1":{"name":"(anonymous_1)","decl":{"start":{"line":5,"column":20},"end":{"line":5,"column":21}},"loc":{"start":{"line":5,"column":26},"end":{"line":7,"column":5}},"line":5}},"branchMap":{"0":{"loc":{"start":{"line":9,"column":8},"end":{"line":18,"column":9}},"type":"cond-expr","locations":[{"start":{"line":10,"column":12},"end":{"line":15,"column":16}},{"start":{"line":17,"column":12},"end":{"line":17,"column":51}}],"line":9}},"s":{"0":0,"1":0,"2":0,"3":0,"4":0},"f":{"0":0,"1":0},"b":{"0":[0,0]}}
,"/Users/polzovatel/Desktop/react/src/WithRouter.jsx": {"path":"/Users/polzovatel/Desktop/react/src/WithRouter.jsx","statementMap":{"0":{"start":{"line":10,"column":21},"end":{"line":10,"column":34}},"1":{"start":{"line":11,"column":21},"end":{"line":11,"column":34}},"2":{"start":{"line":12,"column":19},"end":{"line":12,"column":30}},"3":{"start":{"line":13,"column":6},"end":{"line":18,"column":8}},"4":{"start":{"line":21,"column":2},"end":{"line":21,"column":33}}},"fnMap":{"0":{"name":"withRouter","decl":{"start":{"line":8,"column":9},"end":{"line":8,"column":19}},"loc":{"start":{"line":8,"column":31},"end":{"line":22,"column":1}},"line":8},"1":{"name":"ComponentWithRouterProp","decl":{"start":{"line":9,"column":11},"end":{"line":9,"column":34}},"loc":{"start":{"line":9,"column":42},"end":{"line":19,"column":3}},"line":9}},"branchMap":{},"s":{"0":0,"1":0,"2":0,"3":0,"4":0},"f":{"0":0,"1":0},"b":{}}
,"/Users/polzovatel/Desktop/react/src/index.js": {"path":"/Users/polzovatel/Desktop/react/src/index.js","statementMap":{"0":{"start":{"line":8,"column":13},"end":{"line":8,"column":65}},"1":{"start":{"line":11,"column":2},"end":{"line":17,"column":4}}},"fnMap":{},"branchMap":{},"s":{"0":0,"1":0},"f":{},"b":{}}
,"/Users/polzovatel/Desktop/react/src/Author/index.jsx": {"path":"/Users/polzovatel/Desktop/react/src/Author/index.jsx","statementMap":{"0":{"start":{"line":4,"column":15},"end":{"line":11,"column":1}},"1":{"start":{"line":5,"column":4},"end":{"line":9,"column":6}}},"fnMap":{"0":{"name":"(anonymous_0)","decl":{"start":{"line":4,"column":15},"end":{"line":4,"column":16}},"loc":{"start":{"line":4,"column":26},"end":{"line":11,"column":1}},"line":4}},"branchMap":{},"s":{"0":0,"1":0},"f":{"0":0},"b":{}}
,"/Users/polzovatel/Desktop/react/src/Login/Login.jsx": {"path":"/Users/polzovatel/Desktop/react/src/Login/Login.jsx","statementMap":{"0":{"start":{"line":10,"column":20},"end":{"line":10,"column":40}},"1":{"start":{"line":11,"column":20},"end":{"line":11,"column":40}},"2":{"start":{"line":13,"column":18},"end":{"line":38,"column":1}},"3":{"start":{"line":14,"column":4},"end":{"line":37,"column":5}},"4":{"start":{"line":40,"column":23},"end":{"line":40,"column":60}},"5":{"start":{"line":42,"column":14},"end":{"line":57,"column":1}},"6":{"start":{"line":43,"column":21},"end":{"line":45,"column":5}},"7":{"start":{"line":44,"column":8},"end":{"line":44,"column":76}},"8":{"start":{"line":48,"column":4},"end":{"line":50,"column":5}},"9":{"start":{"line":49,"column":8},"end":{"line":49,"column":57}},"10":{"start":{"line":51,"column":4},"end":{"line":56,"column":5}},"11":{"start":{"line":58,"column":24},"end":{"line":60,"column":2}},"12":{"start":{"line":58,"column":36},"end":{"line":60,"column":1}}},"fnMap":{"0":{"name":"(anonymous_0)","decl":{"start":{"line":13,"column":18},"end":{"line":13,"column":19}},"loc":{"start":{"line":13,"column":45},"end":{"line":38,"column":1}},"line":13},"1":{"name":"(anonymous_1)","decl":{"start":{"line":42,"column":14},"end":{"line":42,"column":15}},"loc":{"start":{"line":42,"column":25},"end":{"line":57,"column":1}},"line":42},"2":{"name":"(anonymous_2)","decl":{"start":{"line":43,"column":21},"end":{"line":43,"column":22}},"loc":{"start":{"line":43,"column":35},"end":{"line":45,"column":5}},"line":43},"3":{"name":"(anonymous_3)","decl":{"start":{"line":58,"column":24},"end":{"line":58,"column":25}},"loc":{"start":{"line":58,"column":36},"end":{"line":60,"column":1}},"line":58}},"branchMap":{"0":{"loc":{"start":{"line":29,"column":13},"end":{"line":31,"column":18}},"type":"binary-expr","locations":[{"start":{"line":29,"column":13},"end":{"line":29,"column":18}},{"start":{"line":29,"column":22},"end":{"line":31,"column":18}}],"line":29},"1":{"loc":{"start":{"line":48,"column":4},"end":{"line":50,"column":5}},"type":"if","locations":[{"start":{"line":48,"column":4},"end":{"line":50,"column":5}},{"start":{},"end":{}}],"line":48}},"s":{"0":0,"1":0,"2":0,"3":0,"4":0,"5":0,"6":0,"7":0,"8":0,"9":0,"10":0,"11":0,"12":0},"f":{"0":0,"1":0,"2":0,"3":0},"b":{"0":[0,0],"1":[0,0]}}
,"/Users/polzovatel/Desktop/react/src/Poster/index.jsx": {"path":"/Users/polzovatel/Desktop/react/src/Poster/index.jsx","statementMap":{"0":{"start":{"line":4,"column":15},"end":{"line":19,"column":1}},"1":{"start":{"line":5,"column":4},"end":{"line":17,"column":6}}},"fnMap":{"0":{"name":"(anonymous_0)","decl":{"start":{"line":4,"column":15},"end":{"line":4,"column":16}},"loc":{"start":{"line":4,"column":26},"end":{"line":19,"column":1}},"line":4}},"branchMap":{"0":{"loc":{"start":{"line":10,"column":13},"end":{"line":12,"column":13}},"type":"binary-expr","locations":[{"start":{"line":10,"column":13},"end":{"line":10,"column":50}},{"start":{"line":11,"column":16},"end":{"line":11,"column":44}}],"line":10},"1":{"loc":{"start":{"line":13,"column":13},"end":{"line":15,"column":13}},"type":"binary-expr","locations":[{"start":{"line":13,"column":13},"end":{"line":13,"column":25}},{"start":{"line":14,"column":16},"end":{"line":14,"column":51}}],"line":13}},"s":{"0":0,"1":0},"f":{"0":0},"b":{"0":[0,0],"1":[0,0]}}
,"/Users/polzovatel/Desktop/react/src/Wrapper/index.jsx": {"path":"/Users/polzovatel/Desktop/react/src/Wrapper/index.jsx","statementMap":{"0":{"start":{"line":4,"column":25},"end":{"line":10,"column":1}},"1":{"start":{"line":5,"column":4},"end":{"line":5,"column":32}},"2":{"start":{"line":7,"column":4},"end":{"line":9,"column":6}}},"fnMap":{"0":{"name":"(anonymous_0)","decl":{"start":{"line":4,"column":25},"end":{"line":4,"column":26}},"loc":{"start":{"line":4,"column":36},"end":{"line":10,"column":1}},"line":4}},"branchMap":{},"s":{"0":0,"1":0,"2":0},"f":{"0":0},"b":{}}
,"/Users/polzovatel/Desktop/react/src/api/api.js": {"path":"/Users/polzovatel/Desktop/react/src/api/api.js","statementMap":{"0":{"start":{"line":3,"column":17},"end":{"line":9,"column":2}},"1":{"start":{"line":11,"column":24},"end":{"line":28,"column":1}},"2":{"start":{"line":13,"column":8},"end":{"line":14,"column":45}},"3":{"start":{"line":14,"column":30},"end":{"line":14,"column":43}},"4":{"start":{"line":17,"column":8},"end":{"line":18,"column":45}},"5":{"start":{"line":18,"column":30},"end":{"line":18,"column":43}},"6":{"start":{"line":21,"column":8},"end":{"line":22,"column":45}},"7":{"start":{"line":22,"column":30},"end":{"line":22,"column":43}},"8":{"start":{"line":25,"column":8},"end":{"line":25,"column":66}},"9":{"start":{"line":26,"column":8},"end":{"line":26,"column":45}},"10":{"start":{"line":30,"column":26},"end":{"line":40,"column":1}},"11":{"start":{"line":32,"column":8},"end":{"line":32,"column":48}},"12":{"start":{"line":35,"column":8},"end":{"line":35,"column":56}},"13":{"start":{"line":38,"column":8},"end":{"line":38,"column":66}},"14":{"start":{"line":41,"column":23},"end":{"line":54,"column":1}},"15":{"start":{"line":43,"column":8},"end":{"line":44,"column":45}},"16":{"start":{"line":44,"column":30},"end":{"line":44,"column":43}},"17":{"start":{"line":47,"column":8},"end":{"line":48,"column":45}},"18":{"start":{"line":48,"column":30},"end":{"line":48,"column":43}},"19":{"start":{"line":51,"column":8},"end":{"line":51,"column":45}}},"fnMap":{"0":{"name":"(anonymous_0)","decl":{"start":{"line":12,"column":4},"end":{"line":12,"column":5}},"loc":{"start":{"line":12,"column":45},"end":{"line":15,"column":5}},"line":12},"1":{"name":"(anonymous_1)","decl":{"start":{"line":14,"column":18},"end":{"line":14,"column":19}},"loc":{"start":{"line":14,"column":30},"end":{"line":14,"column":43}},"line":14},"2":{"name":"(anonymous_2)","decl":{"start":{"line":16,"column":4},"end":{"line":16,"column":5}},"loc":{"start":{"line":16,"column":23},"end":{"line":19,"column":5}},"line":16},"3":{"name":"(anonymous_3)","decl":{"start":{"line":18,"column":18},"end":{"line":18,"column":19}},"loc":{"start":{"line":18,"column":30},"end":{"line":18,"column":43}},"line":18},"4":{"name":"(anonymous_4)","decl":{"start":{"line":20,"column":4},"end":{"line":20,"column":5}},"loc":{"start":{"line":20,"column":21},"end":{"line":23,"column":5}},"line":20},"5":{"name":"(anonymous_5)","decl":{"start":{"line":22,"column":18},"end":{"line":22,"column":19}},"loc":{"start":{"line":22,"column":30},"end":{"line":22,"column":43}},"line":22},"6":{"name":"(anonymous_6)","decl":{"start":{"line":24,"column":4},"end":{"line":24,"column":5}},"loc":{"start":{"line":24,"column":24},"end":{"line":27,"column":5}},"line":24},"7":{"name":"(anonymous_7)","decl":{"start":{"line":31,"column":4},"end":{"line":31,"column":5}},"loc":{"start":{"line":31,"column":24},"end":{"line":33,"column":5}},"line":31},"8":{"name":"(anonymous_8)","decl":{"start":{"line":34,"column":4},"end":{"line":34,"column":5}},"loc":{"start":{"line":34,"column":22},"end":{"line":36,"column":5}},"line":34},"9":{"name":"(anonymous_9)","decl":{"start":{"line":37,"column":4},"end":{"line":37,"column":5}},"loc":{"start":{"line":37,"column":25},"end":{"line":39,"column":5}},"line":37},"10":{"name":"(anonymous_10)","decl":{"start":{"line":42,"column":4},"end":{"line":42,"column":5}},"loc":{"start":{"line":42,"column":9},"end":{"line":45,"column":5}},"line":42},"11":{"name":"(anonymous_11)","decl":{"start":{"line":44,"column":18},"end":{"line":44,"column":19}},"loc":{"start":{"line":44,"column":30},"end":{"line":44,"column":43}},"line":44},"12":{"name":"(anonymous_12)","decl":{"start":{"line":46,"column":4},"end":{"line":46,"column":5}},"loc":{"start":{"line":46,"column":48},"end":{"line":49,"column":5}},"line":46},"13":{"name":"(anonymous_13)","decl":{"start":{"line":48,"column":18},"end":{"line":48,"column":19}},"loc":{"start":{"line":48,"column":30},"end":{"line":48,"column":43}},"line":48},"14":{"name":"(anonymous_14)","decl":{"start":{"line":50,"column":4},"end":{"line":50,"column":5}},"loc":{"start":{"line":50,"column":14},"end":{"line":53,"column":5}},"line":50}},"branchMap":{"0":{"loc":{"start":{"line":12,"column":13},"end":{"line":12,"column":28}},"type":"default-arg","locations":[{"start":{"line":12,"column":27},"end":{"line":12,"column":28}}],"line":12},"1":{"loc":{"start":{"line":12,"column":30},"end":{"line":12,"column":43}},"type":"default-arg","locations":[{"start":{"line":12,"column":41},"end":{"line":12,"column":43}}],"line":12},"2":{"loc":{"start":{"line":16,"column":15},"end":{"line":16,"column":21}},"type":"default-arg","locations":[{"start":{"line":16,"column":20},"end":{"line":16,"column":21}}],"line":16},"3":{"loc":{"start":{"line":20,"column":13},"end":{"line":20,"column":19}},"type":"default-arg","locations":[{"start":{"line":20,"column":18},"end":{"line":20,"column":19}}],"line":20},"4":{"loc":{"start":{"line":46,"column":27},"end":{"line":46,"column":45}},"type":"default-arg","locations":[{"start":{"line":46,"column":40},"end":{"line":46,"column":45}}],"line":46}},"s":{"0":1,"1":1,"2":0,"3":0,"4":0,"5":0,"6":0,"7":0,"8":0,"9":0,"10":1,"11":0,"12":0,"13":0,"14":1,"15":0,"16":0,"17":0,"18":0,"19":0},"f":{"0":0,"1":0,"2":0,"3":0,"4":0,"5":0,"6":0,"7":0,"8":0,"9":0,"10":0,"11":0,"12":0,"13":0,"14":0},"b":{"0":[0],"1":[0],"2":[0],"3":[0],"4":[0]},"_coverageSchema":"1a1c01bbd47fc00a2c39e90264f33305004495a9","hash":"d932caeb30a4eb26a5e33e09fe0cd35db20ce1b7"}
,"/Users/polzovatel/Desktop/react/src/components/Dialogs/Dialogs.jsx": {"path":"/Users/polzovatel/Desktop/react/src/components/Dialogs/Dialogs.jsx","statementMap":{"0":{"start":{"line":11,"column":21},"end":{"line":11,"column":42}},"1":{"start":{"line":13,"column":16},"end":{"line":45,"column":1}},"2":{"start":{"line":15,"column":16},"end":{"line":15,"column":33}},"3":{"start":{"line":17,"column":26},"end":{"line":18,"column":86}},"4":{"start":{"line":18,"column":20},"end":{"line":18,"column":84}},"5":{"start":{"line":21,"column":26},"end":{"line":22,"column":104}},"6":{"start":{"line":22,"column":25},"end":{"line":22,"column":103}},"7":{"start":{"line":24,"column":25},"end":{"line":24,"column":45}},"8":{"start":{"line":26,"column":24},"end":{"line":28,"column":5}},"9":{"start":{"line":27,"column":8},"end":{"line":27,"column":48}},"10":{"start":{"line":30,"column":2},"end":{"line":30,"column":54}},"11":{"start":{"line":30,"column":21},"end":{"line":30,"column":54}},"12":{"start":{"line":32,"column":4},"end":{"line":44,"column":5}},"13":{"start":{"line":47,"column":23},"end":{"line":60,"column":1}},"14":{"start":{"line":48,"column":4},"end":{"line":59,"column":5}},"15":{"start":{"line":62,"column":28},"end":{"line":62,"column":85}}},"fnMap":{"0":{"name":"(anonymous_0)","decl":{"start":{"line":13,"column":16},"end":{"line":13,"column":17}},"loc":{"start":{"line":13,"column":27},"end":{"line":45,"column":1}},"line":13},"1":{"name":"(anonymous_1)","decl":{"start":{"line":18,"column":10},"end":{"line":18,"column":11}},"loc":{"start":{"line":18,"column":20},"end":{"line":18,"column":84}},"line":18},"2":{"name":"(anonymous_2)","decl":{"start":{"line":22,"column":14},"end":{"line":22,"column":15}},"loc":{"start":{"line":22,"column":25},"end":{"line":22,"column":103}},"line":22},"3":{"name":"(anonymous_3)","decl":{"start":{"line":26,"column":24},"end":{"line":26,"column":25}},"loc":{"start":{"line":26,"column":36},"end":{"line":28,"column":5}},"line":26},"4":{"name":"(anonymous_4)","decl":{"start":{"line":47,"column":23},"end":{"line":47,"column":24}},"loc":{"start":{"line":47,"column":34},"end":{"line":60,"column":1}},"line":47}},"branchMap":{"0":{"loc":{"start":{"line":30,"column":2},"end":{"line":30,"column":54}},"type":"if","locations":[{"start":{"line":30,"column":2},"end":{"line":30,"column":54}},{"start":{},"end":{}}],"line":30}},"s":{"0":0,"1":0,"2":0,"3":0,"4":0,"5":0,"6":0,"7":0,"8":0,"9":0,"10":0,"11":0,"12":0,"13":0,"14":0,"15":0},"f":{"0":0,"1":0,"2":0,"3":0,"4":0},"b":{"0":[0,0]}}
,"/Users/polzovatel/Desktop/react/src/components/Dialogs/DialogsContainer.jsx": {"path":"/Users/polzovatel/Desktop/react/src/components/Dialogs/DialogsContainer.jsx","statementMap":{"0":{"start":{"line":7,"column":22},"end":{"line":12,"column":1}},"1":{"start":{"line":8,"column":4},"end":{"line":11,"column":5}},"2":{"start":{"line":14,"column":25},"end":{"line":21,"column":1}},"3":{"start":{"line":15,"column":4},"end":{"line":20,"column":5}},"4":{"start":{"line":17,"column":12},"end":{"line":17,"column":56}}},"fnMap":{"0":{"name":"(anonymous_0)","decl":{"start":{"line":7,"column":22},"end":{"line":7,"column":23}},"loc":{"start":{"line":7,"column":32},"end":{"line":12,"column":1}},"line":7},"1":{"name":"(anonymous_1)","decl":{"start":{"line":14,"column":25},"end":{"line":14,"column":26}},"loc":{"start":{"line":14,"column":38},"end":{"line":21,"column":1}},"line":14},"2":{"name":"(anonymous_2)","decl":{"start":{"line":16,"column":20},"end":{"line":16,"column":21}},"loc":{"start":{"line":16,"column":40},"end":{"line":18,"column":9}},"line":16}},"branchMap":{},"s":{"0":0,"1":0,"2":0,"3":0,"4":0},"f":{"0":0,"1":0,"2":0},"b":{}}
,"/Users/polzovatel/Desktop/react/src/components/Dialogs/Dialogitem/Dialogitem.jsx": {"path":"/Users/polzovatel/Desktop/react/src/components/Dialogs/Dialogitem/Dialogitem.jsx","statementMap":{"0":{"start":{"line":5,"column":19},"end":{"line":16,"column":1}},"1":{"start":{"line":6,"column":14},"end":{"line":6,"column":36}},"2":{"start":{"line":7,"column":4},"end":{"line":15,"column":5}}},"fnMap":{"0":{"name":"(anonymous_0)","decl":{"start":{"line":5,"column":19},"end":{"line":5,"column":20}},"loc":{"start":{"line":5,"column":30},"end":{"line":16,"column":1}},"line":5}},"branchMap":{},"s":{"0":0,"1":0,"2":0},"f":{"0":0},"b":{}}
,"/Users/polzovatel/Desktop/react/src/components/Dialogs/Message/Message.jsx": {"path":"/Users/polzovatel/Desktop/react/src/components/Dialogs/Message/Message.jsx","statementMap":{"0":{"start":{"line":4,"column":17},"end":{"line":10,"column":1}},"1":{"start":{"line":5,"column":4},"end":{"line":9,"column":15}}},"fnMap":{"0":{"name":"(anonymous_0)","decl":{"start":{"line":4,"column":17},"end":{"line":4,"column":18}},"loc":{"start":{"line":4,"column":28},"end":{"line":10,"column":1}},"line":4}},"branchMap":{},"s":{"0":0,"1":0},"f":{"0":0},"b":{}}
,"/Users/polzovatel/Desktop/react/src/components/Header/Header.jsx": {"path":"/Users/polzovatel/Desktop/react/src/components/Header/Header.jsx","statementMap":{"0":{"start":{"line":5,"column":15},"end":{"line":18,"column":1}},"1":{"start":{"line":6,"column":4},"end":{"line":17,"column":5}}},"fnMap":{"0":{"name":"(anonymous_0)","decl":{"start":{"line":5,"column":15},"end":{"line":5,"column":16}},"loc":{"start":{"line":5,"column":26},"end":{"line":18,"column":1}},"line":5}},"branchMap":{"0":{"loc":{"start":{"line":11,"column":17},"end":{"line":13,"column":60}},"type":"cond-expr","locations":[{"start":{"line":12,"column":22},"end":{"line":12,"column":96}},{"start":{"line":13,"column":22},"end":{"line":13,"column":60}}],"line":11}},"s":{"0":0,"1":0},"f":{"0":0},"b":{"0":[0,0]}}
,"/Users/polzovatel/Desktop/react/src/components/Header/HeaderContainer.jsx": {"path":"/Users/polzovatel/Desktop/react/src/components/Header/HeaderContainer.jsx","statementMap":{"0":{"start":{"line":9,"column":8},"end":{"line":9,"column":41}},"1":{"start":{"line":12,"column":24},"end":{"line":15,"column":2}},"2":{"start":{"line":12,"column":36},"end":{"line":15,"column":1}}},"fnMap":{"0":{"name":"(anonymous_0)","decl":{"start":{"line":8,"column":4},"end":{"line":8,"column":5}},"loc":{"start":{"line":8,"column":13},"end":{"line":10,"column":5}},"line":8},"1":{"name":"(anonymous_1)","decl":{"start":{"line":12,"column":24},"end":{"line":12,"column":25}},"loc":{"start":{"line":12,"column":36},"end":{"line":15,"column":1}},"line":12}},"branchMap":{},"s":{"0":0,"1":0,"2":0},"f":{"0":0,"1":0},"b":{}}
,"/Users/polzovatel/Desktop/react/src/components/Music/Music.jsx": {"path":"/Users/polzovatel/Desktop/react/src/components/Music/Music.jsx","statementMap":{"0":{"start":{"line":3,"column":14},"end":{"line":9,"column":1}},"1":{"start":{"line":4,"column":4},"end":{"line":8,"column":5}}},"fnMap":{"0":{"name":"(anonymous_0)","decl":{"start":{"line":3,"column":14},"end":{"line":3,"column":15}},"loc":{"start":{"line":3,"column":25},"end":{"line":9,"column":1}},"line":3}},"branchMap":{},"s":{"0":0,"1":0},"f":{"0":0},"b":{}}
,"/Users/polzovatel/Desktop/react/src/components/Navbar/Navbar.jsx": {"path":"/Users/polzovatel/Desktop/react/src/components/Navbar/Navbar.jsx","statementMap":{"0":{"start":{"line":7,"column":15},"end":{"line":32,"column":1}},"1":{"start":{"line":8,"column":4},"end":{"line":31,"column":5}},"2":{"start":{"line":11,"column":72},"end":{"line":11,"column":124}},"3":{"start":{"line":14,"column":72},"end":{"line":14,"column":124}},"4":{"start":{"line":17,"column":69},"end":{"line":17,"column":121}},"5":{"start":{"line":20,"column":70},"end":{"line":20,"column":122}},"6":{"start":{"line":23,"column":73},"end":{"line":23,"column":125}},"7":{"start":{"line":27,"column":66},"end":{"line":27,"column":118}}},"fnMap":{"0":{"name":"(anonymous_0)","decl":{"start":{"line":7,"column":15},"end":{"line":7,"column":16}},"loc":{"start":{"line":7,"column":26},"end":{"line":32,"column":1}},"line":7},"1":{"name":"(anonymous_1)","decl":{"start":{"line":11,"column":61},"end":{"line":11,"column":62}},"loc":{"start":{"line":11,"column":72},"end":{"line":11,"column":124}},"line":11},"2":{"name":"(anonymous_2)","decl":{"start":{"line":14,"column":61},"end":{"line":14,"column":62}},"loc":{"start":{"line":14,"column":72},"end":{"line":14,"column":124}},"line":14},"3":{"name":"(anonymous_3)","decl":{"start":{"line":17,"column":58},"end":{"line":17,"column":59}},"loc":{"start":{"line":17,"column":69},"end":{"line":17,"column":121}},"line":17},"4":{"name":"(anonymous_4)","decl":{"start":{"line":20,"column":59},"end":{"line":20,"column":60}},"loc":{"start":{"line":20,"column":70},"end":{"line":20,"column":122}},"line":20},"5":{"name":"(anonymous_5)","decl":{"start":{"line":23,"column":62},"end":{"line":23,"column":63}},"loc":{"start":{"line":23,"column":73},"end":{"line":23,"column":125}},"line":23},"6":{"name":"(anonymous_6)","decl":{"start":{"line":27,"column":55},"end":{"line":27,"column":56}},"loc":{"start":{"line":27,"column":66},"end":{"line":27,"column":118}},"line":27}},"branchMap":{"0":{"loc":{"start":{"line":11,"column":72},"end":{"line":11,"column":124}},"type":"cond-expr","locations":[{"start":{"line":11,"column":91},"end":{"line":11,"column":109}},{"start":{"line":11,"column":112},"end":{"line":11,"column":124}}],"line":11},"1":{"loc":{"start":{"line":14,"column":72},"end":{"line":14,"column":124}},"type":"cond-expr","locations":[{"start":{"line":14,"column":91},"end":{"line":14,"column":109}},{"start":{"line":14,"column":112},"end":{"line":14,"column":124}}],"line":14},"2":{"loc":{"start":{"line":17,"column":69},"end":{"line":17,"column":121}},"type":"cond-expr","locations":[{"start":{"line":17,"column":88},"end":{"line":17,"column":106}},{"start":{"line":17,"column":109},"end":{"line":17,"column":121}}],"line":17},"3":{"loc":{"start":{"line":20,"column":70},"end":{"line":20,"column":122}},"type":"cond-expr","locations":[{"start":{"line":20,"column":89},"end":{"line":20,"column":107}},{"start":{"line":20,"column":110},"end":{"line":20,"column":122}}],"line":20},"4":{"loc":{"start":{"line":23,"column":73},"end":{"line":23,"column":125}},"type":"cond-expr","locations":[{"start":{"line":23,"column":92},"end":{"line":23,"column":110}},{"start":{"line":23,"column":113},"end":{"line":23,"column":125}}],"line":23},"5":{"loc":{"start":{"line":27,"column":66},"end":{"line":27,"column":118}},"type":"cond-expr","locations":[{"start":{"line":27,"column":85},"end":{"line":27,"column":103}},{"start":{"line":27,"column":106},"end":{"line":27,"column":118}}],"line":27}},"s":{"0":0,"1":0,"2":0,"3":0,"4":0,"5":0,"6":0,"7":0},"f":{"0":0,"1":0,"2":0,"3":0,"4":0,"5":0,"6":0},"b":{"0":[0,0],"1":[0,0],"2":[0,0],"3":[0,0],"4":[0,0],"5":[0,0]}}
,"/Users/polzovatel/Desktop/react/src/components/Navbar/NavbarConatainer.jsx": {"path":"/Users/polzovatel/Desktop/react/src/components/Navbar/NavbarConatainer.jsx","statementMap":{"0":{"start":{"line":4,"column":22},"end":{"line":9,"column":1}},"1":{"start":{"line":5,"column":4},"end":{"line":8,"column":5}},"2":{"start":{"line":10,"column":25},"end":{"line":10,"column":59}}},"fnMap":{"0":{"name":"(anonymous_0)","decl":{"start":{"line":4,"column":22},"end":{"line":4,"column":23}},"loc":{"start":{"line":4,"column":32},"end":{"line":9,"column":1}},"line":4}},"branchMap":{},"s":{"0":0,"1":0,"2":0},"f":{"0":0},"b":{}}
,"/Users/polzovatel/Desktop/react/src/components/Navbar/Friends/Friends.jsx": {"path":"/Users/polzovatel/Desktop/react/src/components/Navbar/Friends/Friends.jsx","statementMap":{"0":{"start":{"line":5,"column":16},"end":{"line":13,"column":1}},"1":{"start":{"line":6,"column":4},"end":{"line":12,"column":5}}},"fnMap":{"0":{"name":"(anonymous_0)","decl":{"start":{"line":5,"column":16},"end":{"line":5,"column":17}},"loc":{"start":{"line":5,"column":27},"end":{"line":13,"column":1}},"line":5}},"branchMap":{},"s":{"0":0,"1":0},"f":{"0":0},"b":{}}
,"/Users/polzovatel/Desktop/react/src/components/Navbar/Friends/Friend/Friend.jsx": {"path":"/Users/polzovatel/Desktop/react/src/components/Navbar/Friends/Friend/Friend.jsx","statementMap":{"0":{"start":{"line":5,"column":15},"end":{"line":13,"column":1}},"1":{"start":{"line":7,"column":24},"end":{"line":7,"column":119}},"2":{"start":{"line":7,"column":46},"end":{"line":7,"column":118}},"3":{"start":{"line":8,"column":4},"end":{"line":12,"column":5}}},"fnMap":{"0":{"name":"(anonymous_0)","decl":{"start":{"line":5,"column":15},"end":{"line":5,"column":16}},"loc":{"start":{"line":5,"column":26},"end":{"line":13,"column":1}},"line":5},"1":{"name":"(anonymous_1)","decl":{"start":{"line":7,"column":41},"end":{"line":7,"column":42}},"loc":{"start":{"line":7,"column":46},"end":{"line":7,"column":118}},"line":7}},"branchMap":{},"s":{"0":0,"1":0,"2":0,"3":0},"f":{"0":0,"1":0},"b":{}}
,"/Users/polzovatel/Desktop/react/src/components/Navbar/Friends/Friend/Frier/Frier.jsx": {"path":"/Users/polzovatel/Desktop/react/src/components/Navbar/Friends/Friend/Frier/Frier.jsx","statementMap":{"0":{"start":{"line":4,"column":14},"end":{"line":14,"column":1}},"1":{"start":{"line":5,"column":4},"end":{"line":12,"column":5}},"2":{"start":{"line":6,"column":8},"end":{"line":11,"column":10}}},"fnMap":{"0":{"name":"(anonymous_0)","decl":{"start":{"line":4,"column":14},"end":{"line":4,"column":15}},"loc":{"start":{"line":4,"column":25},"end":{"line":14,"column":1}},"line":4}},"branchMap":{"0":{"loc":{"start":{"line":5,"column":4},"end":{"line":12,"column":5}},"type":"if","locations":[{"start":{"line":5,"column":4},"end":{"line":12,"column":5}},{"start":{},"end":{}}],"line":5}},"s":{"0":0,"1":0,"2":0},"f":{"0":0},"b":{"0":[0,0]}}
,"/Users/polzovatel/Desktop/react/src/components/News/News.jsx": {"path":"/Users/polzovatel/Desktop/react/src/components/News/News.jsx","statementMap":{"0":{"start":{"line":3,"column":13},"end":{"line":9,"column":1}},"1":{"start":{"line":4,"column":4},"end":{"line":8,"column":5}}},"fnMap":{"0":{"name":"(anonymous_0)","decl":{"start":{"line":3,"column":13},"end":{"line":3,"column":14}},"loc":{"start":{"line":3,"column":24},"end":{"line":9,"column":1}},"line":3}},"branchMap":{},"s":{"0":0,"1":0},"f":{"0":0},"b":{}}
,"/Users/polzovatel/Desktop/react/src/components/Profile/Profile.jsx": {"path":"/Users/polzovatel/Desktop/react/src/components/Profile/Profile.jsx","statementMap":{"0":{"start":{"line":6,"column":16},"end":{"line":13,"column":1}},"1":{"start":{"line":7,"column":4},"end":{"line":12,"column":5}}},"fnMap":{"0":{"name":"(anonymous_0)","decl":{"start":{"line":6,"column":16},"end":{"line":6,"column":17}},"loc":{"start":{"line":6,"column":27},"end":{"line":13,"column":1}},"line":6}},"branchMap":{},"s":{"0":0,"1":0},"f":{"0":0},"b":{}}
,"/Users/polzovatel/Desktop/react/src/components/Profile/ProfileContainer.jsx": {"path":"/Users/polzovatel/Desktop/react/src/components/Profile/ProfileContainer.jsx","statementMap":{"0":{"start":{"line":11,"column":21},"end":{"line":11,"column":52}},"1":{"start":{"line":12,"column":8},"end":{"line":17,"column":9}},"2":{"start":{"line":13,"column":12},"end":{"line":13,"column":47}},"3":{"start":{"line":14,"column":12},"end":{"line":16,"column":13}},"4":{"start":{"line":15,"column":16},"end":{"line":15,"column":53}},"5":{"start":{"line":18,"column":8},"end":{"line":18,"column":42}},"6":{"start":{"line":19,"column":8},"end":{"line":19,"column":37}},"7":{"start":{"line":23,"column":8},"end":{"line":25,"column":9}},"8":{"start":{"line":29,"column":22},"end":{"line":34,"column":2}},"9":{"start":{"line":29,"column":34},"end":{"line":34,"column":1}}},"fnMap":{"0":{"name":"(anonymous_0)","decl":{"start":{"line":10,"column":4},"end":{"line":10,"column":5}},"loc":{"start":{"line":10,"column":24},"end":{"line":20,"column":5}},"line":10},"1":{"name":"(anonymous_1)","decl":{"start":{"line":21,"column":4},"end":{"line":21,"column":5}},"loc":{"start":{"line":21,"column":13},"end":{"line":26,"column":5}},"line":21},"2":{"name":"(anonymous_2)","decl":{"start":{"line":29,"column":22},"end":{"line":29,"column":23}},"loc":{"start":{"line":29,"column":34},"end":{"line":34,"column":1}},"line":29}},"branchMap":{"0":{"loc":{"start":{"line":12,"column":8},"end":{"line":17,"column":9}},"type":"if","locations":[{"start":{"line":12,"column":8},"end":{"line":17,"column":9}},{"start":{},"end":{}}],"line":12},"1":{"loc":{"start":{"line":14,"column":12},"end":{"line":16,"column":13}},"type":"if","locations":[{"start":{"line":14,"column":12},"end":{"line":16,"column":13}},{"start":{},"end":{}}],"line":14}},"s":{"0":0,"1":0,"2":0,"3":0,"4":0,"5":0,"6":0,"7":0,"8":0,"9":0},"f":{"0":0,"1":0,"2":0},"b":{"0":[0,0],"1":[0,0]}}
,"/Users/polzovatel/Desktop/react/src/components/Profile/MyPosts/MyPosts.jsx": {"path":"/Users/polzovatel/Desktop/react/src/components/Profile/MyPosts/MyPosts.jsx","statementMap":{"0":{"start":{"line":8,"column":20},"end":{"line":8,"column":40}},"1":{"start":{"line":10,"column":16},"end":{"line":27,"column":2}},"2":{"start":{"line":11,"column":16},"end":{"line":11,"column":27}},"3":{"start":{"line":13,"column":23},"end":{"line":13,"column":88}},"4":{"start":{"line":13,"column":38},"end":{"line":13,"column":87}},"5":{"start":{"line":15,"column":21},"end":{"line":17,"column":5}},"6":{"start":{"line":16,"column":8},"end":{"line":16,"column":38}},"7":{"start":{"line":18,"column":4},"end":{"line":26,"column":5}},"8":{"start":{"line":28,"column":22},"end":{"line":38,"column":1}},"9":{"start":{"line":29,"column":4},"end":{"line":37,"column":12}},"10":{"start":{"line":39,"column":27},"end":{"line":39,"column":80}}},"fnMap":{"0":{"name":"(anonymous_0)","decl":{"start":{"line":10,"column":27},"end":{"line":10,"column":28}},"loc":{"start":{"line":10,"column":36},"end":{"line":27,"column":1}},"line":10},"1":{"name":"(anonymous_1)","decl":{"start":{"line":13,"column":33},"end":{"line":13,"column":34}},"loc":{"start":{"line":13,"column":38},"end":{"line":13,"column":87}},"line":13},"2":{"name":"(anonymous_2)","decl":{"start":{"line":15,"column":21},"end":{"line":15,"column":22}},"loc":{"start":{"line":15,"column":33},"end":{"line":17,"column":5}},"line":15},"3":{"name":"(anonymous_3)","decl":{"start":{"line":28,"column":22},"end":{"line":28,"column":23}},"loc":{"start":{"line":28,"column":33},"end":{"line":38,"column":1}},"line":28}},"branchMap":{},"s":{"0":0,"1":0,"2":0,"3":0,"4":0,"5":0,"6":0,"7":0,"8":0,"9":0,"10":0},"f":{"0":0,"1":0,"2":0,"3":0},"b":{}}
,"/Users/polzovatel/Desktop/react/src/components/Profile/MyPosts/MyPostsContainer.jsx": {"path":"/Users/polzovatel/Desktop/react/src/components/Profile/MyPosts/MyPostsContainer.jsx","statementMap":{"0":{"start":{"line":6,"column":22},"end":{"line":11,"column":1}},"1":{"start":{"line":7,"column":4},"end":{"line":10,"column":5}},"2":{"start":{"line":13,"column":25},"end":{"line":19,"column":1}},"3":{"start":{"line":14,"column":4},"end":{"line":18,"column":5}},"4":{"start":{"line":16,"column":12},"end":{"line":16,"column":52}},"5":{"start":{"line":23,"column":25},"end":{"line":23,"column":78}}},"fnMap":{"0":{"name":"(anonymous_0)","decl":{"start":{"line":6,"column":22},"end":{"line":6,"column":23}},"loc":{"start":{"line":6,"column":32},"end":{"line":11,"column":1}},"line":6},"1":{"name":"(anonymous_1)","decl":{"start":{"line":13,"column":25},"end":{"line":13,"column":26}},"loc":{"start":{"line":13,"column":39},"end":{"line":19,"column":1}},"line":13},"2":{"name":"(anonymous_2)","decl":{"start":{"line":15,"column":17},"end":{"line":15,"column":18}},"loc":{"start":{"line":15,"column":30},"end":{"line":17,"column":9}},"line":15}},"branchMap":{},"s":{"0":0,"1":0,"2":0,"3":0,"4":0,"5":0},"f":{"0":0,"1":0,"2":0},"b":{}}
,"/Users/polzovatel/Desktop/react/src/components/Profile/MyPosts/Post/Post.jsx": {"path":"/Users/polzovatel/Desktop/react/src/components/Profile/MyPosts/Post/Post.jsx","statementMap":{"0":{"start":{"line":4,"column":13},"end":{"line":15,"column":1}},"1":{"start":{"line":6,"column":4},"end":{"line":14,"column":5}}},"fnMap":{"0":{"name":"(anonymous_0)","decl":{"start":{"line":4,"column":13},"end":{"line":4,"column":14}},"loc":{"start":{"line":4,"column":24},"end":{"line":15,"column":1}},"line":4}},"branchMap":{},"s":{"0":0,"1":0},"f":{"0":0},"b":{}}
,"/Users/polzovatel/Desktop/react/src/components/Profile/Profileinfo/ProfileInfo.jsx": {"path":"/Users/polzovatel/Desktop/react/src/components/Profile/Profileinfo/ProfileInfo.jsx","statementMap":{"0":{"start":{"line":8,"column":20},"end":{"line":32,"column":1}},"1":{"start":{"line":9,"column":4},"end":{"line":11,"column":5}},"2":{"start":{"line":10,"column":8},"end":{"line":10,"column":28}},"3":{"start":{"line":12,"column":4},"end":{"line":31,"column":5}}},"fnMap":{"0":{"name":"(anonymous_0)","decl":{"start":{"line":8,"column":20},"end":{"line":8,"column":21}},"loc":{"start":{"line":8,"column":31},"end":{"line":32,"column":1}},"line":8}},"branchMap":{"0":{"loc":{"start":{"line":9,"column":4},"end":{"line":11,"column":5}},"type":"if","locations":[{"start":{"line":9,"column":4},"end":{"line":11,"column":5}},{"start":{},"end":{}}],"line":9},"1":{"loc":{"start":{"line":26,"column":38},"end":{"line":26,"column":91}},"type":"cond-expr","locations":[{"start":{"line":26,"column":69},"end":{"line":26,"column":78}},{"start":{"line":26,"column":81},"end":{"line":26,"column":91}}],"line":26}},"s":{"0":0,"1":0,"2":0,"3":0},"f":{"0":0},"b":{"0":[0,0],"1":[0,0]}}
,"/Users/polzovatel/Desktop/react/src/components/Profile/Profileinfo/ProfileStatus.jsx": {"path":"/Users/polzovatel/Desktop/react/src/components/Profile/Profileinfo/ProfileStatus.jsx","statementMap":{"0":{"start":{"line":6,"column":21},"end":{"line":6,"column":38}},"1":{"start":{"line":7,"column":12},"end":{"line":10,"column":5}},"2":{"start":{"line":12,"column":23},"end":{"line":16,"column":5}},"3":{"start":{"line":13,"column":8},"end":{"line":15,"column":11}},"4":{"start":{"line":18,"column":25},"end":{"line":23,"column":5}},"5":{"start":{"line":19,"column":8},"end":{"line":21,"column":11}},"6":{"start":{"line":22,"column":8},"end":{"line":22,"column":51}},"7":{"start":{"line":25,"column":21},"end":{"line":27,"column":5}},"8":{"start":{"line":26,"column":7},"end":{"line":26,"column":54}},"9":{"start":{"line":31,"column":8},"end":{"line":35,"column":9}},"10":{"start":{"line":32,"column":12},"end":{"line":34,"column":15}},"11":{"start":{"line":37,"column":8},"end":{"line":37,"column":41}},"12":{"start":{"line":41,"column":8},"end":{"line":54,"column":9}}},"fnMap":{"0":{"name":"(anonymous_0)","decl":{"start":{"line":12,"column":23},"end":{"line":12,"column":24}},"loc":{"start":{"line":12,"column":29},"end":{"line":16,"column":5}},"line":12},"1":{"name":"(anonymous_1)","decl":{"start":{"line":18,"column":25},"end":{"line":18,"column":26}},"loc":{"start":{"line":18,"column":31},"end":{"line":23,"column":5}},"line":18},"2":{"name":"(anonymous_2)","decl":{"start":{"line":25,"column":21},"end":{"line":25,"column":22}},"loc":{"start":{"line":25,"column":28},"end":{"line":27,"column":5}},"line":25},"3":{"name":"(anonymous_3)","decl":{"start":{"line":29,"column":4},"end":{"line":29,"column":5}},"loc":{"start":{"line":29,"column":45},"end":{"line":38,"column":5}},"line":29},"4":{"name":"(anonymous_4)","decl":{"start":{"line":40,"column":4},"end":{"line":40,"column":5}},"loc":{"start":{"line":40,"column":13},"end":{"line":55,"column":5}},"line":40}},"branchMap":{"0":{"loc":{"start":{"line":31,"column":8},"end":{"line":35,"column":9}},"type":"if","locations":[{"start":{"line":31,"column":8},"end":{"line":35,"column":9}},{"start":{},"end":{}}],"line":31},"1":{"loc":{"start":{"line":43,"column":17},"end":{"line":46,"column":26}},"type":"binary-expr","locations":[{"start":{"line":43,"column":17},"end":{"line":43,"column":37}},{"start":{"line":44,"column":20},"end":{"line":46,"column":26}}],"line":43},"2":{"loc":{"start":{"line":45,"column":69},"end":{"line":45,"column":97}},"type":"binary-expr","locations":[{"start":{"line":45,"column":69},"end":{"line":45,"column":86}},{"start":{"line":45,"column":90},"end":{"line":45,"column":97}}],"line":45},"3":{"loc":{"start":{"line":48,"column":17},"end":{"line":51,"column":26}},"type":"binary-expr","locations":[{"start":{"line":48,"column":17},"end":{"line":48,"column":36}},{"start":{"line":49,"column":20},"end":{"line":51,"column":26}}],"line":48}},"s":{"0":0,"1":0,"2":0,"3":0,"4":0,"5":0,"6":0,"7":0,"8":0,"9":0,"10":0,"11":0,"12":0},"f":{"0":0,"1":0,"2":0,"3":0,"4":0},"b":{"0":[0,0],"1":[0,0],"2":[0,0],"3":[0,0]}}
,"/Users/polzovatel/Desktop/react/src/components/Profile/Profileinfo/ProfileStatusWithHooks.jsx": {"path":"/Users/polzovatel/Desktop/react/src/components/Profile/Profileinfo/ProfileStatusWithHooks.jsx","statementMap":{"0":{"start":{"line":4,"column":31},"end":{"line":41,"column":1}},"1":{"start":{"line":6,"column":34},"end":{"line":6,"column":49}},"2":{"start":{"line":7,"column":30},"end":{"line":7,"column":52}},"3":{"start":{"line":9,"column":4},"end":{"line":11,"column":23}},"4":{"start":{"line":10,"column":8},"end":{"line":10,"column":32}},"5":{"start":{"line":13,"column":29},"end":{"line":15,"column":5}},"6":{"start":{"line":14,"column":8},"end":{"line":14,"column":26}},"7":{"start":{"line":17,"column":31},"end":{"line":20,"column":5}},"8":{"start":{"line":18,"column":8},"end":{"line":18,"column":27}},"9":{"start":{"line":19,"column":8},"end":{"line":19,"column":34}},"10":{"start":{"line":22,"column":27},"end":{"line":24,"column":6}},"11":{"start":{"line":23,"column":8},"end":{"line":23,"column":41}},"12":{"start":{"line":27,"column":4},"end":{"line":40,"column":5}}},"fnMap":{"0":{"name":"(anonymous_0)","decl":{"start":{"line":4,"column":31},"end":{"line":4,"column":32}},"loc":{"start":{"line":4,"column":42},"end":{"line":41,"column":1}},"line":4},"1":{"name":"(anonymous_1)","decl":{"start":{"line":9,"column":15},"end":{"line":9,"column":16}},"loc":{"start":{"line":9,"column":21},"end":{"line":11,"column":5}},"line":9},"2":{"name":"(anonymous_2)","decl":{"start":{"line":13,"column":29},"end":{"line":13,"column":30}},"loc":{"start":{"line":13,"column":35},"end":{"line":15,"column":5}},"line":13},"3":{"name":"(anonymous_3)","decl":{"start":{"line":17,"column":31},"end":{"line":17,"column":32}},"loc":{"start":{"line":17,"column":37},"end":{"line":20,"column":5}},"line":17},"4":{"name":"(anonymous_4)","decl":{"start":{"line":22,"column":27},"end":{"line":22,"column":28}},"loc":{"start":{"line":22,"column":34},"end":{"line":24,"column":6}},"line":22}},"branchMap":{"0":{"loc":{"start":{"line":29,"column":13},"end":{"line":32,"column":22}},"type":"binary-expr","locations":[{"start":{"line":29,"column":13},"end":{"line":29,"column":22}},{"start":{"line":30,"column":16},"end":{"line":32,"column":22}}],"line":29},"1":{"loc":{"start":{"line":31,"column":62},"end":{"line":31,"column":85}},"type":"binary-expr","locations":[{"start":{"line":31,"column":62},"end":{"line":31,"column":74}},{"start":{"line":31,"column":78},"end":{"line":31,"column":85}}],"line":31},"2":{"loc":{"start":{"line":34,"column":13},"end":{"line":37,"column":22}},"type":"binary-expr","locations":[{"start":{"line":34,"column":13},"end":{"line":34,"column":21}},{"start":{"line":35,"column":16},"end":{"line":37,"column":22}}],"line":34}},"s":{"0":0,"1":0,"2":0,"3":0,"4":0,"5":0,"6":0,"7":0,"8":0,"9":0,"10":0,"11":0,"12":0},"f":{"0":0,"1":0,"2":0,"3":0,"4":0},"b":{"0":[0,0],"1":[0,0],"2":[0,0]}}
,"/Users/polzovatel/Desktop/react/src/components/Settings/Settings.jsx": {"path":"/Users/polzovatel/Desktop/react/src/components/Settings/Settings.jsx","statementMap":{"0":{"start":{"line":3,"column":17},"end":{"line":9,"column":1}},"1":{"start":{"line":4,"column":4},"end":{"line":8,"column":5}}},"fnMap":{"0":{"name":"(anonymous_0)","decl":{"start":{"line":3,"column":17},"end":{"line":3,"column":18}},"loc":{"start":{"line":3,"column":28},"end":{"line":9,"column":1}},"line":3}},"branchMap":{},"s":{"0":0,"1":0},"f":{"0":0},"b":{}}
,"/Users/polzovatel/Desktop/react/src/components/Users/User.jsx": {"path":"/Users/polzovatel/Desktop/react/src/components/Users/User.jsx","statementMap":{"0":{"start":{"line":7,"column":11},"end":{"line":38,"column":1}},"1":{"start":{"line":8,"column":4},"end":{"line":36,"column":15}},"2":{"start":{"line":19,"column":40},"end":{"line":19,"column":54}},"3":{"start":{"line":20,"column":45},"end":{"line":20,"column":62}},"4":{"start":{"line":22,"column":40},"end":{"line":22,"column":54}},"5":{"start":{"line":23,"column":45},"end":{"line":23,"column":60}}},"fnMap":{"0":{"name":"(anonymous_0)","decl":{"start":{"line":7,"column":11},"end":{"line":7,"column":12}},"loc":{"start":{"line":7,"column":64},"end":{"line":38,"column":1}},"line":7},"1":{"name":"(anonymous_1)","decl":{"start":{"line":19,"column":34},"end":{"line":19,"column":35}},"loc":{"start":{"line":19,"column":40},"end":{"line":19,"column":54}},"line":19},"2":{"name":"(anonymous_2)","decl":{"start":{"line":20,"column":37},"end":{"line":20,"column":38}},"loc":{"start":{"line":20,"column":43},"end":{"line":20,"column":64}},"line":20},"3":{"name":"(anonymous_3)","decl":{"start":{"line":22,"column":34},"end":{"line":22,"column":35}},"loc":{"start":{"line":22,"column":40},"end":{"line":22,"column":54}},"line":22},"4":{"name":"(anonymous_4)","decl":{"start":{"line":23,"column":37},"end":{"line":23,"column":38}},"loc":{"start":{"line":23,"column":43},"end":{"line":23,"column":62}},"line":23}},"branchMap":{"0":{"loc":{"start":{"line":13,"column":64},"end":{"line":13,"column":121}},"type":"cond-expr","locations":[{"start":{"line":13,"column":92},"end":{"line":13,"column":109}},{"start":{"line":13,"column":112},"end":{"line":13,"column":121}}],"line":13},"1":{"loc":{"start":{"line":17,"column":21},"end":{"line":23,"column":79}},"type":"cond-expr","locations":[{"start":{"line":18,"column":26},"end":{"line":20,"column":87}},{"start":{"line":21,"column":26},"end":{"line":23,"column":79}}],"line":17}},"s":{"0":0,"1":0,"2":0,"3":0,"4":0,"5":0},"f":{"0":0,"1":0,"2":0,"3":0,"4":0},"b":{"0":[0,0],"1":[0,0]}}
,"/Users/polzovatel/Desktop/react/src/components/Users/Users.jsx": {"path":"/Users/polzovatel/Desktop/react/src/components/Users/Users.jsx","statementMap":{"0":{"start":{"line":6,"column":12},"end":{"line":19,"column":1}},"1":{"start":{"line":7,"column":4},"end":{"line":18,"column":15}},"2":{"start":{"line":12,"column":31},"end":{"line":16,"column":60}}},"fnMap":{"0":{"name":"(anonymous_0)","decl":{"start":{"line":6,"column":12},"end":{"line":6,"column":13}},"loc":{"start":{"line":6,"column":92},"end":{"line":19,"column":1}},"line":6},"1":{"name":"(anonymous_1)","decl":{"start":{"line":12,"column":26},"end":{"line":12,"column":27}},"loc":{"start":{"line":12,"column":31},"end":{"line":16,"column":60}},"line":12}},"branchMap":{},"s":{"0":0,"1":0,"2":0},"f":{"0":0,"1":0},"b":{}}
,"/Users/polzovatel/Desktop/react/src/components/Users/UsersContainer.jsx": {"path":"/Users/polzovatel/Desktop/react/src/components/Users/UsersContainer.jsx","statementMap":{"0":{"start":{"line":14,"column":8},"end":{"line":14,"column":73}},"1":{"start":{"line":17,"column":20},"end":{"line":19,"column":5}},"2":{"start":{"line":18,"column":8},"end":{"line":18,"column":61}},"3":{"start":{"line":23,"column":8},"end":{"line":33,"column":11}},"4":{"start":{"line":37,"column":22},"end":{"line":46,"column":1}},"5":{"start":{"line":38,"column":4},"end":{"line":45,"column":5}}},"fnMap":{"0":{"name":"(anonymous_0)","decl":{"start":{"line":13,"column":4},"end":{"line":13,"column":5}},"loc":{"start":{"line":13,"column":24},"end":{"line":15,"column":5}},"line":13},"1":{"name":"(anonymous_1)","decl":{"start":{"line":17,"column":20},"end":{"line":17,"column":21}},"loc":{"start":{"line":17,"column":36},"end":{"line":19,"column":5}},"line":17},"2":{"name":"(anonymous_2)","decl":{"start":{"line":21,"column":4},"end":{"line":21,"column":5}},"loc":{"start":{"line":21,"column":13},"end":{"line":34,"column":5}},"line":21},"3":{"name":"(anonymous_3)","decl":{"start":{"line":37,"column":22},"end":{"line":37,"column":23}},"loc":{"start":{"line":37,"column":33},"end":{"line":46,"column":1}},"line":37}},"branchMap":{"0":{"loc":{"start":{"line":24,"column":13},"end":{"line":24,"column":57}},"type":"cond-expr","locations":[{"start":{"line":24,"column":37},"end":{"line":24,"column":50}},{"start":{"line":24,"column":53},"end":{"line":24,"column":57}}],"line":24}},"s":{"0":0,"1":0,"2":0,"3":0,"4":0,"5":0},"f":{"0":0,"1":0,"2":0,"3":0},"b":{"0":[0,0]}}
,"/Users/polzovatel/Desktop/react/src/components/common/FormsControls/FormsControls.jsx": {"path":"/Users/polzovatel/Desktop/react/src/components/common/FormsControls/FormsControls.jsx","statementMap":{"0":{"start":{"line":5,"column":21},"end":{"line":15,"column":1}},"1":{"start":{"line":6,"column":21},"end":{"line":6,"column":47}},"2":{"start":{"line":7,"column":4},"end":{"line":14,"column":5}},"3":{"start":{"line":17,"column":24},"end":{"line":22,"column":1}},"4":{"start":{"line":18,"column":47},"end":{"line":18,"column":52}},"5":{"start":{"line":19,"column":4},"end":{"line":21,"column":5}},"6":{"start":{"line":25,"column":21},"end":{"line":31,"column":1}},"7":{"start":{"line":26,"column":47},"end":{"line":26,"column":52}},"8":{"start":{"line":28,"column":4},"end":{"line":30,"column":5}},"9":{"start":{"line":33,"column":27},"end":{"line":36,"column":23}},"10":{"start":{"line":33,"column":74},"end":{"line":36,"column":23}}},"fnMap":{"0":{"name":"(anonymous_0)","decl":{"start":{"line":5,"column":21},"end":{"line":5,"column":22}},"loc":{"start":{"line":5,"column":57},"end":{"line":15,"column":1}},"line":5},"1":{"name":"(anonymous_1)","decl":{"start":{"line":17,"column":24},"end":{"line":17,"column":25}},"loc":{"start":{"line":17,"column":35},"end":{"line":22,"column":1}},"line":17},"2":{"name":"(anonymous_2)","decl":{"start":{"line":25,"column":21},"end":{"line":25,"column":22}},"loc":{"start":{"line":25,"column":32},"end":{"line":31,"column":1}},"line":25},"3":{"name":"(anonymous_3)","decl":{"start":{"line":33,"column":27},"end":{"line":33,"column":28}},"loc":{"start":{"line":33,"column":74},"end":{"line":36,"column":23}},"line":33}},"branchMap":{"0":{"loc":{"start":{"line":6,"column":21},"end":{"line":6,"column":47}},"type":"binary-expr","locations":[{"start":{"line":6,"column":21},"end":{"line":6,"column":33}},{"start":{"line":6,"column":37},"end":{"line":6,"column":47}}],"line":6},"1":{"loc":{"start":{"line":8,"column":53},"end":{"line":8,"column":82}},"type":"cond-expr","locations":[{"start":{"line":8,"column":64},"end":{"line":8,"column":77}},{"start":{"line":8,"column":80},"end":{"line":8,"column":82}}],"line":8},"2":{"loc":{"start":{"line":12,"column":13},"end":{"line":12,"column":66}},"type":"binary-expr","locations":[{"start":{"line":12,"column":13},"end":{"line":12,"column":23}},{"start":{"line":12,"column":27},"end":{"line":12,"column":39}},{"start":{"line":12,"column":43},"end":{"line":12,"column":66}}],"line":12}},"s":{"0":0,"1":0,"2":0,"3":0,"4":0,"5":0,"6":0,"7":0,"8":0,"9":0,"10":0},"f":{"0":0,"1":0,"2":0,"3":0},"b":{"0":[0,0],"1":[0,0],"2":[0,0,0]}}
,"/Users/polzovatel/Desktop/react/src/components/common/paginator/Paginator.jsx": {"path":"/Users/polzovatel/Desktop/react/src/components/common/paginator/Paginator.jsx","statementMap":{"0":{"start":{"line":5,"column":16},"end":{"line":40,"column":1}},"1":{"start":{"line":7,"column":21},"end":{"line":7,"column":58}},"2":{"start":{"line":9,"column":16},"end":{"line":9,"column":18}},"3":{"start":{"line":10,"column":4},"end":{"line":12,"column":5}},"4":{"start":{"line":10,"column":17},"end":{"line":10,"column":18}},"5":{"start":{"line":11,"column":8},"end":{"line":11,"column":22}},"6":{"start":{"line":14,"column":23},"end":{"line":14,"column":58}},"7":{"start":{"line":15,"column":44},"end":{"line":15,"column":55}},"8":{"start":{"line":16,"column":32},"end":{"line":16,"column":69}},"9":{"start":{"line":17,"column":33},"end":{"line":17,"column":60}},"10":{"start":{"line":20,"column":4},"end":{"line":39,"column":10}},"11":{"start":{"line":22,"column":56},"end":{"line":22,"column":91}},"12":{"start":{"line":25,"column":29},"end":{"line":25,"column":84}},"13":{"start":{"line":27,"column":16},"end":{"line":33,"column":42}},"14":{"start":{"line":32,"column":33},"end":{"line":32,"column":50}},"15":{"start":{"line":36,"column":60},"end":{"line":36,"column":95}}},"fnMap":{"0":{"name":"(anonymous_0)","decl":{"start":{"line":5,"column":16},"end":{"line":5,"column":17}},"loc":{"start":{"line":5,"column":95},"end":{"line":40,"column":1}},"line":5},"1":{"name":"(anonymous_1)","decl":{"start":{"line":22,"column":48},"end":{"line":22,"column":49}},"loc":{"start":{"line":22,"column":54},"end":{"line":22,"column":93}},"line":22},"2":{"name":"(anonymous_2)","decl":{"start":{"line":25,"column":24},"end":{"line":25,"column":25}},"loc":{"start":{"line":25,"column":29},"end":{"line":25,"column":84}},"line":25},"3":{"name":"(anonymous_3)","decl":{"start":{"line":26,"column":21},"end":{"line":26,"column":22}},"loc":{"start":{"line":26,"column":28},"end":{"line":34,"column":13}},"line":26},"4":{"name":"(anonymous_4)","decl":{"start":{"line":31,"column":38},"end":{"line":31,"column":39}},"loc":{"start":{"line":31,"column":45},"end":{"line":33,"column":30}},"line":31},"5":{"name":"(anonymous_5)","decl":{"start":{"line":36,"column":52},"end":{"line":36,"column":53}},"loc":{"start":{"line":36,"column":58},"end":{"line":36,"column":97}},"line":36}},"branchMap":{"0":{"loc":{"start":{"line":5,"column":73},"end":{"line":5,"column":89}},"type":"default-arg","locations":[{"start":{"line":5,"column":87},"end":{"line":5,"column":89}}],"line":5},"1":{"loc":{"start":{"line":21,"column":10},"end":{"line":22,"column":108}},"type":"binary-expr","locations":[{"start":{"line":21,"column":10},"end":{"line":21,"column":27}},{"start":{"line":22,"column":8},"end":{"line":22,"column":108}}],"line":21},"2":{"loc":{"start":{"line":25,"column":29},"end":{"line":25,"column":84}},"type":"binary-expr","locations":[{"start":{"line":25,"column":29},"end":{"line":25,"column":55}},{"start":{"line":25,"column":59},"end":{"line":25,"column":84}}],"line":25},"3":{"loc":{"start":{"line":35,"column":10},"end":{"line":36,"column":112}},"type":"binary-expr","locations":[{"start":{"line":35,"column":10},"end":{"line":35,"column":38}},{"start":{"line":36,"column":12},"end":{"line":36,"column":112}}],"line":35}},"s":{"0":0,"1":0,"2":0,"3":0,"4":0,"5":0,"6":0,"7":0,"8":0,"9":0,"10":0,"11":0,"12":0,"13":0,"14":0,"15":0},"f":{"0":0,"1":0,"2":0,"3":0,"4":0,"5":0},"b":{"0":[0],"1":[0,0],"2":[0,0],"3":[0,0]}}
,"/Users/polzovatel/Desktop/react/src/components/common/preloader/minuse.jsx": {"path":"/Users/polzovatel/Desktop/react/src/components/common/preloader/minuse.jsx","statementMap":{"0":{"start":{"line":4,"column":13},"end":{"line":8,"column":1}},"1":{"start":{"line":5,"column":4},"end":{"line":7,"column":10}}},"fnMap":{"0":{"name":"(anonymous_0)","decl":{"start":{"line":4,"column":13},"end":{"line":4,"column":14}},"loc":{"start":{"line":4,"column":24},"end":{"line":8,"column":1}},"line":4}},"branchMap":{},"s":{"0":0,"1":0},"f":{"0":0},"b":{}}
,"/Users/polzovatel/Desktop/react/src/components/common/preloader/pluse.jsx": {"path":"/Users/polzovatel/Desktop/react/src/components/common/preloader/pluse.jsx","statementMap":{"0":{"start":{"line":4,"column":12},"end":{"line":8,"column":1}},"1":{"start":{"line":5,"column":4},"end":{"line":7,"column":10}}},"fnMap":{"0":{"name":"(anonymous_0)","decl":{"start":{"line":4,"column":12},"end":{"line":4,"column":13}},"loc":{"start":{"line":4,"column":23},"end":{"line":8,"column":1}},"line":4}},"branchMap":{},"s":{"0":0,"1":0},"f":{"0":0},"b":{}}
,"/Users/polzovatel/Desktop/react/src/components/common/preloader/preloader.jsx": {"path":"/Users/polzovatel/Desktop/react/src/components/common/preloader/preloader.jsx","statementMap":{"0":{"start":{"line":4,"column":16},"end":{"line":8,"column":1}},"1":{"start":{"line":5,"column":4},"end":{"line":7,"column":10}}},"fnMap":{"0":{"name":"(anonymous_0)","decl":{"start":{"line":4,"column":16},"end":{"line":4,"column":17}},"loc":{"start":{"line":4,"column":27},"end":{"line":8,"column":1}},"line":4}},"branchMap":{},"s":{"0":0,"1":0},"f":{"0":0},"b":{}}
,"/Users/polzovatel/Desktop/react/src/hoc/withAuthRedirect.jsx": {"path":"/Users/polzovatel/Desktop/react/src/hoc/withAuthRedirect.jsx","statementMap":{"0":{"start":{"line":5,"column":33},"end":{"line":7,"column":2}},"1":{"start":{"line":5,"column":45},"end":{"line":7,"column":1}},"2":{"start":{"line":9,"column":32},"end":{"line":22,"column":1}},"3":{"start":{"line":13,"column":12},"end":{"line":13,"column":69}},"4":{"start":{"line":13,"column":36},"end":{"line":13,"column":69}},"5":{"start":{"line":15,"column":12},"end":{"line":15,"column":46}},"6":{"start":{"line":19,"column":41},"end":{"line":19,"column":95}},"7":{"start":{"line":21,"column":4},"end":{"line":21,"column":42}}},"fnMap":{"0":{"name":"(anonymous_0)","decl":{"start":{"line":5,"column":33},"end":{"line":5,"column":34}},"loc":{"start":{"line":5,"column":45},"end":{"line":7,"column":1}},"line":5},"1":{"name":"(anonymous_1)","decl":{"start":{"line":9,"column":32},"end":{"line":9,"column":33}},"loc":{"start":{"line":9,"column":47},"end":{"line":22,"column":1}},"line":9},"2":{"name":"(anonymous_2)","decl":{"start":{"line":12,"column":8},"end":{"line":12,"column":9}},"loc":{"start":{"line":12,"column":17},"end":{"line":16,"column":9}},"line":12}},"branchMap":{"0":{"loc":{"start":{"line":13,"column":12},"end":{"line":13,"column":69}},"type":"if","locations":[{"start":{"line":13,"column":12},"end":{"line":13,"column":69}},{"start":{},"end":{}}],"line":13}},"s":{"0":0,"1":0,"2":0,"3":0,"4":0,"5":0,"6":0,"7":0},"f":{"0":0,"1":0,"2":0},"b":{"0":[0,0]}}
,"/Users/polzovatel/Desktop/react/src/redux/app-reducer.js": {"path":"/Users/polzovatel/Desktop/react/src/redux/app-reducer.js","statementMap":{"0":{"start":{"line":3,"column":28},"end":{"line":3,"column":49}},"1":{"start":{"line":5,"column":19},"end":{"line":7,"column":1}},"2":{"start":{"line":9,"column":19},"end":{"line":20,"column":1}},"3":{"start":{"line":10,"column":4},"end":{"line":19,"column":5}},"4":{"start":{"line":12,"column":12},"end":{"line":15,"column":13}},"5":{"start":{"line":18,"column":12},"end":{"line":18,"column":25}},"6":{"start":{"line":22,"column":34},"end":{"line":22,"column":69}},"7":{"start":{"line":22,"column":41},"end":{"line":22,"column":68}},"8":{"start":{"line":24,"column":29},"end":{"line":32,"column":1}},"9":{"start":{"line":24,"column":35},"end":{"line":32,"column":1}},"10":{"start":{"line":25,"column":18},"end":{"line":25,"column":32}},"11":{"start":{"line":28,"column":4},"end":{"line":31,"column":11}},"12":{"start":{"line":30,"column":12},"end":{"line":30,"column":43}}},"fnMap":{"0":{"name":"(anonymous_0)","decl":{"start":{"line":9,"column":19},"end":{"line":9,"column":20}},"loc":{"start":{"line":9,"column":53},"end":{"line":20,"column":1}},"line":9},"1":{"name":"(anonymous_1)","decl":{"start":{"line":22,"column":34},"end":{"line":22,"column":35}},"loc":{"start":{"line":22,"column":41},"end":{"line":22,"column":68}},"line":22},"2":{"name":"(anonymous_2)","decl":{"start":{"line":24,"column":29},"end":{"line":24,"column":30}},"loc":{"start":{"line":24,"column":35},"end":{"line":32,"column":1}},"line":24},"3":{"name":"(anonymous_3)","decl":{"start":{"line":24,"column":35},"end":{"line":24,"column":36}},"loc":{"start":{"line":24,"column":49},"end":{"line":32,"column":1}},"line":24},"4":{"name":"(anonymous_4)","decl":{"start":{"line":29,"column":14},"end":{"line":29,"column":15}},"loc":{"start":{"line":29,"column":20},"end":{"line":31,"column":9}},"line":29}},"branchMap":{"0":{"loc":{"start":{"line":9,"column":20},"end":{"line":9,"column":40}},"type":"default-arg","locations":[{"start":{"line":9,"column":28},"end":{"line":9,"column":40}}],"line":9},"1":{"loc":{"start":{"line":10,"column":4},"end":{"line":19,"column":5}},"type":"switch","locations":[{"start":{"line":11,"column":8},"end":{"line":15,"column":13}},{"start":{"line":17,"column":8},"end":{"line":18,"column":25}}],"line":10}},"s":{"0":0,"1":0,"2":0,"3":0,"4":0,"5":0,"6":0,"7":0,"8":0,"9":0,"10":0,"11":0,"12":0},"f":{"0":0,"1":0,"2":0,"3":0,"4":0},"b":{"0":[0],"1":[0,0]}}
,"/Users/polzovatel/Desktop/react/src/redux/auth-reducer.js": {"path":"/Users/polzovatel/Desktop/react/src/redux/auth-reducer.js","statementMap":{"0":{"start":{"line":4,"column":22},"end":{"line":4,"column":58}},"1":{"start":{"line":7,"column":19},"end":{"line":12,"column":1}},"2":{"start":{"line":14,"column":20},"end":{"line":25,"column":1}},"3":{"start":{"line":15,"column":4},"end":{"line":24,"column":5}},"4":{"start":{"line":17,"column":12},"end":{"line":20,"column":13}},"5":{"start":{"line":23,"column":12},"end":{"line":23,"column":25}},"6":{"start":{"line":28,"column":31},"end":{"line":31,"column":2}},"7":{"start":{"line":28,"column":66},"end":{"line":31,"column":1}},"8":{"start":{"line":36,"column":18},"end":{"line":42,"column":1}},"9":{"start":{"line":36,"column":24},"end":{"line":42,"column":1}},"10":{"start":{"line":37,"column":15},"end":{"line":37,"column":33}},"11":{"start":{"line":38,"column":4},"end":{"line":41,"column":5}},"12":{"start":{"line":39,"column":35},"end":{"line":39,"column":44}},"13":{"start":{"line":40,"column":8},"end":{"line":40,"column":58}},"14":{"start":{"line":45,"column":21},"end":{"line":54,"column":1}},"15":{"start":{"line":45,"column":54},"end":{"line":54,"column":1}},"16":{"start":{"line":46,"column":15},"end":{"line":46,"column":63}},"17":{"start":{"line":47,"column":4},"end":{"line":53,"column":5}},"18":{"start":{"line":48,"column":8},"end":{"line":48,"column":22}},"19":{"start":{"line":50,"column":23},"end":{"line":50,"column":81}},"20":{"start":{"line":51,"column":21},"end":{"line":51,"column":62}},"21":{"start":{"line":52,"column":8},"end":{"line":52,"column":24}},"22":{"start":{"line":57,"column":22},"end":{"line":62,"column":1}},"23":{"start":{"line":57,"column":28},"end":{"line":62,"column":1}},"24":{"start":{"line":58,"column":15},"end":{"line":58,"column":37}},"25":{"start":{"line":59,"column":4},"end":{"line":61,"column":5}},"26":{"start":{"line":60,"column":8},"end":{"line":60,"column":59}}},"fnMap":{"0":{"name":"(anonymous_0)","decl":{"start":{"line":14,"column":20},"end":{"line":14,"column":21}},"loc":{"start":{"line":14,"column":54},"end":{"line":25,"column":1}},"line":14},"1":{"name":"(anonymous_1)","decl":{"start":{"line":28,"column":31},"end":{"line":28,"column":32}},"loc":{"start":{"line":28,"column":66},"end":{"line":31,"column":1}},"line":28},"2":{"name":"(anonymous_2)","decl":{"start":{"line":36,"column":18},"end":{"line":36,"column":19}},"loc":{"start":{"line":36,"column":24},"end":{"line":42,"column":1}},"line":36},"3":{"name":"(anonymous_3)","decl":{"start":{"line":36,"column":24},"end":{"line":36,"column":25}},"loc":{"start":{"line":36,"column":44},"end":{"line":42,"column":1}},"line":36},"4":{"name":"(anonymous_4)","decl":{"start":{"line":45,"column":21},"end":{"line":45,"column":22}},"loc":{"start":{"line":45,"column":54},"end":{"line":54,"column":1}},"line":45},"5":{"name":"(anonymous_5)","decl":{"start":{"line":45,"column":54},"end":{"line":45,"column":55}},"loc":{"start":{"line":45,"column":74},"end":{"line":54,"column":1}},"line":45},"6":{"name":"(anonymous_6)","decl":{"start":{"line":57,"column":22},"end":{"line":57,"column":23}},"loc":{"start":{"line":57,"column":28},"end":{"line":62,"column":1}},"line":57},"7":{"name":"(anonymous_7)","decl":{"start":{"line":57,"column":28},"end":{"line":57,"column":29}},"loc":{"start":{"line":57,"column":48},"end":{"line":62,"column":1}},"line":57}},"branchMap":{"0":{"loc":{"start":{"line":14,"column":21},"end":{"line":14,"column":41}},"type":"default-arg","locations":[{"start":{"line":14,"column":29},"end":{"line":14,"column":41}}],"line":14},"1":{"loc":{"start":{"line":15,"column":4},"end":{"line":24,"column":5}},"type":"switch","locations":[{"start":{"line":16,"column":8},"end":{"line":20,"column":13}},{"start":{"line":22,"column":8},"end":{"line":23,"column":25}}],"line":15},"2":{"loc":{"start":{"line":38,"column":4},"end":{"line":41,"column":5}},"type":"if","locations":[{"start":{"line":38,"column":4},"end":{"line":41,"column":5}},{"start":{},"end":{}}],"line":38},"3":{"loc":{"start":{"line":47,"column":4},"end":{"line":53,"column":5}},"type":"if","locations":[{"start":{"line":47,"column":4},"end":{"line":53,"column":5}},{"start":{"line":49,"column":11},"end":{"line":53,"column":5}}],"line":47},"4":{"loc":{"start":{"line":50,"column":23},"end":{"line":50,"column":81}},"type":"cond-expr","locations":[{"start":{"line":50,"column":50},"end":{"line":50,"column":66}},{"start":{"line":50,"column":69},"end":{"line":50,"column":81}}],"line":50},"5":{"loc":{"start":{"line":59,"column":4},"end":{"line":61,"column":5}},"type":"if","locations":[{"start":{"line":59,"column":4},"end":{"line":61,"column":5}},{"start":{},"end":{}}],"line":59}},"s":{"0":0,"1":0,"2":0,"3":0,"4":0,"5":0,"6":0,"7":0,"8":0,"9":0,"10":0,"11":0,"12":0,"13":0,"14":0,"15":0,"16":0,"17":0,"18":0,"19":0,"20":0,"21":0,"22":0,"23":0,"24":0,"25":0,"26":0},"f":{"0":0,"1":0,"2":0,"3":0,"4":0,"5":0,"6":0,"7":0},"b":{"0":[0],"1":[0,0],"2":[0,0],"3":[0,0],"4":[0,0],"5":[0,0]}}
,"/Users/polzovatel/Desktop/react/src/redux/dialogs-reducer.js": {"path":"/Users/polzovatel/Desktop/react/src/redux/dialogs-reducer.js","statementMap":{"0":{"start":{"line":1,"column":18},"end":{"line":1,"column":31}},"1":{"start":{"line":3,"column":19},"end":{"line":21,"column":1}},"2":{"start":{"line":23,"column":23},"end":{"line":34,"column":1}},"3":{"start":{"line":24,"column":4},"end":{"line":33,"column":5}},"4":{"start":{"line":26,"column":23},"end":{"line":26,"column":44}},"5":{"start":{"line":27,"column":12},"end":{"line":30,"column":14}},"6":{"start":{"line":32,"column":12},"end":{"line":32,"column":25}},"7":{"start":{"line":36,"column":34},"end":{"line":36,"column":91}},"8":{"start":{"line":36,"column":55},"end":{"line":36,"column":90}}},"fnMap":{"0":{"name":"(anonymous_0)","decl":{"start":{"line":23,"column":23},"end":{"line":23,"column":24}},"loc":{"start":{"line":23,"column":57},"end":{"line":34,"column":1}},"line":23},"1":{"name":"(anonymous_1)","decl":{"start":{"line":36,"column":34},"end":{"line":36,"column":35}},"loc":{"start":{"line":36,"column":55},"end":{"line":36,"column":90}},"line":36}},"branchMap":{"0":{"loc":{"start":{"line":23,"column":24},"end":{"line":23,"column":44}},"type":"default-arg","locations":[{"start":{"line":23,"column":32},"end":{"line":23,"column":44}}],"line":23},"1":{"loc":{"start":{"line":24,"column":4},"end":{"line":33,"column":5}},"type":"switch","locations":[{"start":{"line":25,"column":8},"end":{"line":30,"column":14}},{"start":{"line":31,"column":8},"end":{"line":32,"column":25}}],"line":24}},"s":{"0":0,"1":0,"2":0,"3":0,"4":0,"5":0,"6":0,"7":0,"8":0},"f":{"0":0,"1":0},"b":{"0":[0],"1":[0,0]}}
,"/Users/polzovatel/Desktop/react/src/redux/profile-reducer.js": {"path":"/Users/polzovatel/Desktop/react/src/redux/profile-reducer.js","statementMap":{"0":{"start":{"line":3,"column":17},"end":{"line":3,"column":27}},"1":{"start":{"line":4,"column":25},"end":{"line":4,"column":43}},"2":{"start":{"line":5,"column":19},"end":{"line":5,"column":31}},"3":{"start":{"line":6,"column":20},"end":{"line":6,"column":33}},"4":{"start":{"line":8,"column":19},"end":{"line":18,"column":1}},"5":{"start":{"line":20,"column":23},"end":{"line":55,"column":1}},"6":{"start":{"line":21,"column":4},"end":{"line":51,"column":5}},"7":{"start":{"line":23,"column":26},"end":{"line":27,"column":13}},"8":{"start":{"line":28,"column":12},"end":{"line":31,"column":14}},"9":{"start":{"line":34,"column":12},"end":{"line":34,"column":56}},"10":{"start":{"line":37,"column":12},"end":{"line":40,"column":13}},"11":{"start":{"line":43,"column":12},"end":{"line":46,"column":13}},"12":{"start":{"line":45,"column":47},"end":{"line":45,"column":69}},"13":{"start":{"line":49,"column":12},"end":{"line":49,"column":25}},"14":{"start":{"line":56,"column":30},"end":{"line":56,"column":80}},"15":{"start":{"line":56,"column":44},"end":{"line":56,"column":79}},"16":{"start":{"line":57,"column":36},"end":{"line":57,"column":78}},"17":{"start":{"line":57,"column":50},"end":{"line":57,"column":77}},"18":{"start":{"line":58,"column":25},"end":{"line":58,"column":67}},"19":{"start":{"line":58,"column":38},"end":{"line":58,"column":66}},"20":{"start":{"line":60,"column":26},"end":{"line":60,"column":69}},"21":{"start":{"line":60,"column":39},"end":{"line":60,"column":68}},"22":{"start":{"line":62,"column":25},"end":{"line":65,"column":1}},"23":{"start":{"line":62,"column":37},"end":{"line":65,"column":1}},"24":{"start":{"line":63,"column":19},"end":{"line":63,"column":53}},"25":{"start":{"line":64,"column":4},"end":{"line":64,"column":39}},"26":{"start":{"line":68,"column":28},"end":{"line":73,"column":1}},"27":{"start":{"line":68,"column":40},"end":{"line":73,"column":1}},"28":{"start":{"line":69,"column":19},"end":{"line":69,"column":56}},"29":{"start":{"line":70,"column":4},"end":{"line":72,"column":5}},"30":{"start":{"line":71,"column":8},"end":{"line":71,"column":36}},"31":{"start":{"line":74,"column":30},"end":{"line":77,"column":1}},"32":{"start":{"line":74,"column":42},"end":{"line":77,"column":1}},"33":{"start":{"line":75,"column":21},"end":{"line":75,"column":56}},"34":{"start":{"line":76,"column":4},"end":{"line":76,"column":44}}},"fnMap":{"0":{"name":"(anonymous_0)","decl":{"start":{"line":20,"column":23},"end":{"line":20,"column":24}},"loc":{"start":{"line":20,"column":57},"end":{"line":55,"column":1}},"line":20},"1":{"name":"(anonymous_1)","decl":{"start":{"line":45,"column":42},"end":{"line":45,"column":43}},"loc":{"start":{"line":45,"column":47},"end":{"line":45,"column":69}},"line":45},"2":{"name":"(anonymous_2)","decl":{"start":{"line":56,"column":30},"end":{"line":56,"column":31}},"loc":{"start":{"line":56,"column":44},"end":{"line":56,"column":79}},"line":56},"3":{"name":"(anonymous_3)","decl":{"start":{"line":57,"column":36},"end":{"line":57,"column":37}},"loc":{"start":{"line":57,"column":50},"end":{"line":57,"column":77}},"line":57},"4":{"name":"(anonymous_4)","decl":{"start":{"line":58,"column":25},"end":{"line":58,"column":26}},"loc":{"start":{"line":58,"column":38},"end":{"line":58,"column":66}},"line":58},"5":{"name":"(anonymous_5)","decl":{"start":{"line":60,"column":26},"end":{"line":60,"column":27}},"loc":{"start":{"line":60,"column":39},"end":{"line":60,"column":68}},"line":60},"6":{"name":"(anonymous_6)","decl":{"start":{"line":62,"column":25},"end":{"line":62,"column":26}},"loc":{"start":{"line":62,"column":37},"end":{"line":65,"column":1}},"line":62},"7":{"name":"(anonymous_7)","decl":{"start":{"line":62,"column":37},"end":{"line":62,"column":38}},"loc":{"start":{"line":62,"column":57},"end":{"line":65,"column":1}},"line":62},"8":{"name":"(anonymous_8)","decl":{"start":{"line":68,"column":28},"end":{"line":68,"column":29}},"loc":{"start":{"line":68,"column":40},"end":{"line":73,"column":1}},"line":68},"9":{"name":"(anonymous_9)","decl":{"start":{"line":68,"column":40},"end":{"line":68,"column":41}},"loc":{"start":{"line":68,"column":60},"end":{"line":73,"column":1}},"line":68},"10":{"name":"(anonymous_10)","decl":{"start":{"line":74,"column":30},"end":{"line":74,"column":31}},"loc":{"start":{"line":74,"column":42},"end":{"line":77,"column":1}},"line":74},"11":{"name":"(anonymous_11)","decl":{"start":{"line":74,"column":42},"end":{"line":74,"column":43}},"loc":{"start":{"line":74,"column":62},"end":{"line":77,"column":1}},"line":74}},"branchMap":{"0":{"loc":{"start":{"line":20,"column":24},"end":{"line":20,"column":44}},"type":"default-arg","locations":[{"start":{"line":20,"column":32},"end":{"line":20,"column":44}}],"line":20},"1":{"loc":{"start":{"line":21,"column":4},"end":{"line":51,"column":5}},"type":"switch","locations":[{"start":{"line":22,"column":8},"end":{"line":32,"column":9}},{"start":{"line":33,"column":8},"end":{"line":35,"column":9}},{"start":{"line":36,"column":8},"end":{"line":41,"column":9}},{"start":{"line":42,"column":8},"end":{"line":47,"column":9}},{"start":{"line":48,"column":8},"end":{"line":50,"column":9}}],"line":21},"2":{"loc":{"start":{"line":70,"column":4},"end":{"line":72,"column":5}},"type":"if","locations":[{"start":{"line":70,"column":4},"end":{"line":72,"column":5}},{"start":{},"end":{}}],"line":70}},"s":{"0":1,"1":1,"2":1,"3":1,"4":1,"5":1,"6":2,"7":1,"8":1,"9":0,"10":0,"11":1,"12":5,"13":0,"14":1,"15":0,"16":1,"17":1,"18":1,"19":0,"20":1,"21":1,"22":1,"23":0,"24":0,"25":0,"26":1,"27":0,"28":0,"29":0,"30":0,"31":1,"32":0,"33":0,"34":0},"f":{"0":2,"1":5,"2":0,"3":1,"4":0,"5":1,"6":0,"7":0,"8":0,"9":0,"10":0,"11":0},"b":{"0":[0],"1":[1,0,0,1,0],"2":[0,0]},"_coverageSchema":"1a1c01bbd47fc00a2c39e90264f33305004495a9","hash":"ad2bd1e42ccfb43c24b37ff9eb9a8ecfc485d02f"}
,"/Users/polzovatel/Desktop/react/src/redux/redux-store.js": {"path":"/Users/polzovatel/Desktop/react/src/redux/redux-store.js","statementMap":{"0":{"start":{"line":11,"column":15},"end":{"line":19,"column":2}},"1":{"start":{"line":20,"column":25},"end":{"line":20,"column":79}},"2":{"start":{"line":21,"column":14},"end":{"line":21,"column":87}},"3":{"start":{"line":22,"column":0},"end":{"line":22,"column":25}}},"fnMap":{},"branchMap":{"0":{"loc":{"start":{"line":20,"column":25},"end":{"line":20,"column":79}},"type":"binary-expr","locations":[{"start":{"line":20,"column":25},"end":{"line":20,"column":68}},{"start":{"line":20,"column":72},"end":{"line":20,"column":79}}],"line":20}},"s":{"0":0,"1":0,"2":0,"3":0},"f":{},"b":{"0":[0,0]}}
,"/Users/polzovatel/Desktop/react/src/redux/sidebar-reducer.js": {"path":"/Users/polzovatel/Desktop/react/src/redux/sidebar-reducer.js","statementMap":{"0":{"start":{"line":1,"column":19},"end":{"line":7,"column":3}},"1":{"start":{"line":9,"column":23},"end":{"line":11,"column":1}},"2":{"start":{"line":10,"column":4},"end":{"line":10,"column":17}}},"fnMap":{"0":{"name":"(anonymous_0)","decl":{"start":{"line":9,"column":23},"end":{"line":9,"column":24}},"loc":{"start":{"line":9,"column":57},"end":{"line":11,"column":1}},"line":9}},"branchMap":{"0":{"loc":{"start":{"line":9,"column":24},"end":{"line":9,"column":44}},"type":"default-arg","locations":[{"start":{"line":9,"column":32},"end":{"line":9,"column":44}}],"line":9}},"s":{"0":0,"1":0,"2":0},"f":{"0":0},"b":{"0":[0]}}
,"/Users/polzovatel/Desktop/react/src/redux/store.js": {"path":"/Users/polzovatel/Desktop/react/src/redux/store.js","statementMap":{"0":{"start":{"line":4,"column":12},"end":{"line":61,"column":1}},"1":{"start":{"line":48,"column":4},"end":{"line":48,"column":23}},"2":{"start":{"line":51,"column":3},"end":{"line":51,"column":39}},"3":{"start":{"line":55,"column":3},"end":{"line":55,"column":80}},"4":{"start":{"line":56,"column":3},"end":{"line":56,"column":80}},"5":{"start":{"line":57,"column":3},"end":{"line":57,"column":74}},"6":{"start":{"line":59,"column":3},"end":{"line":59,"column":41}}},"fnMap":{"0":{"name":"(anonymous_0)","decl":{"start":{"line":5,"column":3},"end":{"line":5,"column":4}},"loc":{"start":{"line":5,"column":27},"end":{"line":6,"column":3}},"line":5},"1":{"name":"(anonymous_1)","decl":{"start":{"line":47,"column":2},"end":{"line":47,"column":3}},"loc":{"start":{"line":47,"column":13},"end":{"line":49,"column":3}},"line":47},"2":{"name":"(anonymous_2)","decl":{"start":{"line":50,"column":2},"end":{"line":50,"column":3}},"loc":{"start":{"line":50,"column":22},"end":{"line":52,"column":2}},"line":50},"3":{"name":"(anonymous_3)","decl":{"start":{"line":54,"column":0},"end":{"line":54,"column":1}},"loc":{"start":{"line":54,"column":18},"end":{"line":60,"column":3}},"line":54}},"branchMap":{},"s":{"0":0,"1":0,"2":0,"3":0,"4":0,"5":0,"6":0},"f":{"0":0,"1":0,"2":0,"3":0},"b":{}}
,"/Users/polzovatel/Desktop/react/src/redux/users-reducer.js": {"path":"/Users/polzovatel/Desktop/react/src/redux/users-reducer.js","statementMap":{"0":{"start":{"line":4,"column":15},"end":{"line":4,"column":23}},"1":{"start":{"line":5,"column":17},"end":{"line":5,"column":27}},"2":{"start":{"line":6,"column":18},"end":{"line":6,"column":29}},"3":{"start":{"line":7,"column":25},"end":{"line":7,"column":43}},"4":{"start":{"line":8,"column":30},"end":{"line":8,"column":53}},"5":{"start":{"line":9,"column":27},"end":{"line":9,"column":47}},"6":{"start":{"line":10,"column":37},"end":{"line":10,"column":67}},"7":{"start":{"line":12,"column":19},"end":{"line":20,"column":1}},"8":{"start":{"line":22,"column":21},"end":{"line":57,"column":1}},"9":{"start":{"line":23,"column":4},"end":{"line":56,"column":5}},"10":{"start":{"line":25,"column":12},"end":{"line":28,"column":13}},"11":{"start":{"line":30,"column":12},"end":{"line":33,"column":13}},"12":{"start":{"line":35,"column":12},"end":{"line":35,"column":52}},"13":{"start":{"line":38,"column":12},"end":{"line":38,"column":64}},"14":{"start":{"line":41,"column":12},"end":{"line":41,"column":72}},"15":{"start":{"line":44,"column":12},"end":{"line":44,"column":62}},"16":{"start":{"line":47,"column":12},"end":{"line":52,"column":13}},"17":{"start":{"line":51,"column":61},"end":{"line":51,"column":81}},"18":{"start":{"line":55,"column":12},"end":{"line":55,"column":25}},"19":{"start":{"line":58,"column":30},"end":{"line":58,"column":88}},"20":{"start":{"line":58,"column":48},"end":{"line":58,"column":87}},"21":{"start":{"line":59,"column":34},"end":{"line":59,"column":122}},"22":{"start":{"line":59,"column":56},"end":{"line":59,"column":121}},"23":{"start":{"line":60,"column":29},"end":{"line":60,"column":67}},"24":{"start":{"line":60,"column":42},"end":{"line":60,"column":66}},"25":{"start":{"line":61,"column":31},"end":{"line":61,"column":71}},"26":{"start":{"line":61,"column":44},"end":{"line":61,"column":70}},"27":{"start":{"line":62,"column":24},"end":{"line":62,"column":63}},"28":{"start":{"line":62,"column":36},"end":{"line":62,"column":62}},"29":{"start":{"line":63,"column":32},"end":{"line":63,"column":90}},"30":{"start":{"line":63,"column":49},"end":{"line":63,"column":89}},"31":{"start":{"line":64,"column":41},"end":{"line":64,"column":125}},"32":{"start":{"line":64,"column":66},"end":{"line":64,"column":124}},"33":{"start":{"line":66,"column":28},"end":{"line":77,"column":1}},"34":{"start":{"line":68,"column":4},"end":{"line":76,"column":5}},"35":{"start":{"line":69,"column":8},"end":{"line":69,"column":41}},"36":{"start":{"line":70,"column":8},"end":{"line":70,"column":39}},"37":{"start":{"line":72,"column":19},"end":{"line":72,"column":58}},"38":{"start":{"line":73,"column":8},"end":{"line":73,"column":42}},"39":{"start":{"line":74,"column":8},"end":{"line":74,"column":39}},"40":{"start":{"line":75,"column":8},"end":{"line":75,"column":54}},"41":{"start":{"line":79,"column":27},"end":{"line":86,"column":1}},"42":{"start":{"line":80,"column":4},"end":{"line":80,"column":50}},"43":{"start":{"line":81,"column":15},"end":{"line":81,"column":34}},"44":{"start":{"line":82,"column":4},"end":{"line":84,"column":5}},"45":{"start":{"line":83,"column":8},"end":{"line":83,"column":36}},"46":{"start":{"line":85,"column":4},"end":{"line":85,"column":51}},"47":{"start":{"line":88,"column":22},"end":{"line":92,"column":1}},"48":{"start":{"line":89,"column":4},"end":{"line":91,"column":5}},"49":{"start":{"line":90,"column":8},"end":{"line":90,"column":90}},"50":{"start":{"line":94,"column":24},"end":{"line":98,"column":1}},"51":{"start":{"line":95,"column":4},"end":{"line":97,"column":5}},"52":{"start":{"line":96,"column":8},"end":{"line":96,"column":94}}},"fnMap":{"0":{"name":"(anonymous_0)","decl":{"start":{"line":22,"column":21},"end":{"line":22,"column":22}},"loc":{"start":{"line":22,"column":55},"end":{"line":57,"column":1}},"line":22},"1":{"name":"(anonymous_1)","decl":{"start":{"line":51,"column":55},"end":{"line":51,"column":56}},"loc":{"start":{"line":51,"column":61},"end":{"line":51,"column":81}},"line":51},"2":{"name":"(anonymous_2)","decl":{"start":{"line":58,"column":30},"end":{"line":58,"column":31}},"loc":{"start":{"line":58,"column":48},"end":{"line":58,"column":87}},"line":58},"3":{"name":"(anonymous_3)","decl":{"start":{"line":59,"column":34},"end":{"line":59,"column":35}},"loc":{"start":{"line":59,"column":56},"end":{"line":59,"column":121}},"line":59},"4":{"name":"(anonymous_4)","decl":{"start":{"line":60,"column":29},"end":{"line":60,"column":30}},"loc":{"start":{"line":60,"column":42},"end":{"line":60,"column":66}},"line":60},"5":{"name":"(anonymous_5)","decl":{"start":{"line":61,"column":31},"end":{"line":61,"column":32}},"loc":{"start":{"line":61,"column":44},"end":{"line":61,"column":70}},"line":61},"6":{"name":"(anonymous_6)","decl":{"start":{"line":62,"column":24},"end":{"line":62,"column":25}},"loc":{"start":{"line":62,"column":36},"end":{"line":62,"column":62}},"line":62},"7":{"name":"(anonymous_7)","decl":{"start":{"line":63,"column":32},"end":{"line":63,"column":33}},"loc":{"start":{"line":63,"column":49},"end":{"line":63,"column":89}},"line":63},"8":{"name":"(anonymous_8)","decl":{"start":{"line":64,"column":41},"end":{"line":64,"column":42}},"loc":{"start":{"line":64,"column":66},"end":{"line":64,"column":124}},"line":64},"9":{"name":"(anonymous_9)","decl":{"start":{"line":66,"column":28},"end":{"line":66,"column":29}},"loc":{"start":{"line":66,"column":48},"end":{"line":77,"column":1}},"line":66},"10":{"name":"(anonymous_10)","decl":{"start":{"line":68,"column":11},"end":{"line":68,"column":12}},"loc":{"start":{"line":68,"column":31},"end":{"line":76,"column":5}},"line":68},"11":{"name":"(anonymous_11)","decl":{"start":{"line":79,"column":27},"end":{"line":79,"column":28}},"loc":{"start":{"line":79,"column":77},"end":{"line":86,"column":1}},"line":79},"12":{"name":"(anonymous_12)","decl":{"start":{"line":88,"column":22},"end":{"line":88,"column":23}},"loc":{"start":{"line":88,"column":30},"end":{"line":92,"column":1}},"line":88},"13":{"name":"(anonymous_13)","decl":{"start":{"line":89,"column":11},"end":{"line":89,"column":12}},"loc":{"start":{"line":89,"column":31},"end":{"line":91,"column":5}},"line":89},"14":{"name":"(anonymous_14)","decl":{"start":{"line":94,"column":24},"end":{"line":94,"column":25}},"loc":{"start":{"line":94,"column":32},"end":{"line":98,"column":1}},"line":94},"15":{"name":"(anonymous_15)","decl":{"start":{"line":95,"column":11},"end":{"line":95,"column":12}},"loc":{"start":{"line":95,"column":31},"end":{"line":97,"column":5}},"line":95}},"branchMap":{"0":{"loc":{"start":{"line":22,"column":22},"end":{"line":22,"column":42}},"type":"default-arg","locations":[{"start":{"line":22,"column":30},"end":{"line":22,"column":42}}],"line":22},"1":{"loc":{"start":{"line":23,"column":4},"end":{"line":56,"column":5}},"type":"switch","locations":[{"start":{"line":24,"column":8},"end":{"line":28,"column":13}},{"start":{"line":29,"column":8},"end":{"line":33,"column":13}},{"start":{"line":34,"column":8},"end":{"line":36,"column":9}},{"start":{"line":37,"column":8},"end":{"line":39,"column":9}},{"start":{"line":40,"column":8},"end":{"line":42,"column":9}},{"start":{"line":43,"column":8},"end":{"line":45,"column":9}},{"start":{"line":46,"column":8},"end":{"line":53,"column":9}},{"start":{"line":54,"column":8},"end":{"line":55,"column":25}}],"line":23},"2":{"loc":{"start":{"line":49,"column":37},"end":{"line":51,"column":82}},"type":"cond-expr","locations":[{"start":{"line":50,"column":22},"end":{"line":50,"column":67}},{"start":{"line":51,"column":22},"end":{"line":51,"column":82}}],"line":49},"3":{"loc":{"start":{"line":82,"column":4},"end":{"line":84,"column":5}},"type":"if","locations":[{"start":{"line":82,"column":4},"end":{"line":84,"column":5}},{"start":{},"end":{}}],"line":82}},"s":{"0":0,"1":0,"2":0,"3":0,"4":0,"5":0,"6":0,"7":0,"8":0,"9":0,"10":0,"11":0,"12":0,"13":0,"14":0,"15":0,"16":0,"17":0,"18":0,"19":0,"20":0,"21":0,"22":0,"23":0,"24":0,"25":0,"26":0,"27":0,"28":0,"29":0,"30":0,"31":0,"32":0,"33":0,"34":0,"35":0,"36":0,"37":0,"38":0,"39":0,"40":0,"41":0,"42":0,"43":0,"44":0,"45":0,"46":0,"47":0,"48":0,"49":0,"50":0,"51":0,"52":0},"f":{"0":0,"1":0,"2":0,"3":0,"4":0,"5":0,"6":0,"7":0,"8":0,"9":0,"10":0,"11":0,"12":0,"13":0,"14":0,"15":0},"b":{"0":[0],"1":[0,0,0,0,0,0,0,0],"2":[0,0],"3":[0,0]}}
,"/Users/polzovatel/Desktop/react/src/redux/users-selectors.js": {"path":"/Users/polzovatel/Desktop/react/src/redux/users-selectors.js","statementMap":{"0":{"start":{"line":3,"column":32},"end":{"line":5,"column":1}},"1":{"start":{"line":4,"column":4},"end":{"line":4,"column":36}},"2":{"start":{"line":7,"column":24},"end":{"line":9,"column":2}},"3":{"start":{"line":8,"column":4},"end":{"line":8,"column":33}},"4":{"start":{"line":8,"column":27},"end":{"line":8,"column":31}},"5":{"start":{"line":11,"column":27},"end":{"line":13,"column":1}},"6":{"start":{"line":12,"column":4},"end":{"line":12,"column":38}},"7":{"start":{"line":15,"column":34},"end":{"line":17,"column":1}},"8":{"start":{"line":16,"column":4},"end":{"line":16,"column":45}},"9":{"start":{"line":19,"column":30},"end":{"line":21,"column":1}},"10":{"start":{"line":20,"column":4},"end":{"line":20,"column":41}},"11":{"start":{"line":23,"column":29},"end":{"line":25,"column":1}},"12":{"start":{"line":24,"column":4},"end":{"line":24,"column":40}},"13":{"start":{"line":27,"column":38},"end":{"line":29,"column":1}},"14":{"start":{"line":28,"column":4},"end":{"line":28,"column":49}}},"fnMap":{"0":{"name":"(anonymous_0)","decl":{"start":{"line":3,"column":32},"end":{"line":3,"column":33}},"loc":{"start":{"line":3,"column":43},"end":{"line":5,"column":1}},"line":3},"1":{"name":"(anonymous_1)","decl":{"start":{"line":7,"column":57},"end":{"line":7,"column":58}},"loc":{"start":{"line":7,"column":66},"end":{"line":9,"column":1}},"line":7},"2":{"name":"(anonymous_2)","decl":{"start":{"line":8,"column":24},"end":{"line":8,"column":25}},"loc":{"start":{"line":8,"column":27},"end":{"line":8,"column":31}},"line":8},"3":{"name":"(anonymous_3)","decl":{"start":{"line":11,"column":27},"end":{"line":11,"column":28}},"loc":{"start":{"line":11,"column":38},"end":{"line":13,"column":1}},"line":11},"4":{"name":"(anonymous_4)","decl":{"start":{"line":15,"column":34},"end":{"line":15,"column":35}},"loc":{"start":{"line":15,"column":45},"end":{"line":17,"column":1}},"line":15},"5":{"name":"(anonymous_5)","decl":{"start":{"line":19,"column":30},"end":{"line":19,"column":31}},"loc":{"start":{"line":19,"column":41},"end":{"line":21,"column":1}},"line":19},"6":{"name":"(anonymous_6)","decl":{"start":{"line":23,"column":29},"end":{"line":23,"column":30}},"loc":{"start":{"line":23,"column":40},"end":{"line":25,"column":1}},"line":23},"7":{"name":"(anonymous_7)","decl":{"start":{"line":27,"column":38},"end":{"line":27,"column":39}},"loc":{"start":{"line":27,"column":49},"end":{"line":29,"column":1}},"line":27}},"branchMap":{},"s":{"0":0,"1":0,"2":0,"3":0,"4":0,"5":0,"6":0,"7":0,"8":0,"9":0,"10":0,"11":0,"12":0,"13":0,"14":0},"f":{"0":0,"1":0,"2":0,"3":0,"4":0,"5":0,"6":0,"7":0},"b":{}}
,"/Users/polzovatel/Desktop/react/src/utils/validators/objects-helpers.js": {"path":"/Users/polzovatel/Desktop/react/src/utils/validators/objects-helpers.js","statementMap":{"0":{"start":{"line":1,"column":35},"end":{"line":9,"column":1}},"1":{"start":{"line":3,"column":4},"end":{"line":8,"column":6}},"2":{"start":{"line":4,"column":8},"end":{"line":6,"column":9}},"3":{"start":{"line":5,"column":12},"end":{"line":5,"column":45}},"4":{"start":{"line":7,"column":8},"end":{"line":7,"column":17}}},"fnMap":{"0":{"name":"(anonymous_0)","decl":{"start":{"line":1,"column":35},"end":{"line":1,"column":36}},"loc":{"start":{"line":1,"column":86},"end":{"line":9,"column":1}},"line":1},"1":{"name":"(anonymous_1)","decl":{"start":{"line":3,"column":22},"end":{"line":3,"column":23}},"loc":{"start":{"line":3,"column":27},"end":{"line":8,"column":5}},"line":3}},"branchMap":{"0":{"loc":{"start":{"line":4,"column":8},"end":{"line":6,"column":9}},"type":"if","locations":[{"start":{"line":4,"column":8},"end":{"line":6,"column":9}},{"start":{},"end":{}}],"line":4}},"s":{"0":0,"1":0,"2":0,"3":0,"4":0},"f":{"0":0,"1":0},"b":{"0":[0,0]}}
,"/Users/polzovatel/Desktop/react/src/utils/validators/validators.js": {"path":"/Users/polzovatel/Desktop/react/src/utils/validators/validators.js","statementMap":{"0":{"start":{"line":1,"column":24},"end":{"line":5,"column":1}},"1":{"start":{"line":2,"column":4},"end":{"line":2,"column":32}},"2":{"start":{"line":2,"column":15},"end":{"line":2,"column":32}},"3":{"start":{"line":3,"column":4},"end":{"line":3,"column":31}},"4":{"start":{"line":7,"column":32},"end":{"line":10,"column":1}},"5":{"start":{"line":7,"column":47},"end":{"line":10,"column":1}},"6":{"start":{"line":8,"column":4},"end":{"line":8,"column":79}},"7":{"start":{"line":8,"column":35},"end":{"line":8,"column":79}},"8":{"start":{"line":9,"column":4},"end":{"line":9,"column":21}}},"fnMap":{"0":{"name":"(anonymous_0)","decl":{"start":{"line":1,"column":24},"end":{"line":1,"column":25}},"loc":{"start":{"line":1,"column":35},"end":{"line":5,"column":1}},"line":1},"1":{"name":"(anonymous_1)","decl":{"start":{"line":7,"column":32},"end":{"line":7,"column":33}},"loc":{"start":{"line":7,"column":47},"end":{"line":10,"column":1}},"line":7},"2":{"name":"(anonymous_2)","decl":{"start":{"line":7,"column":47},"end":{"line":7,"column":48}},"loc":{"start":{"line":7,"column":58},"end":{"line":10,"column":1}},"line":7}},"branchMap":{"0":{"loc":{"start":{"line":2,"column":4},"end":{"line":2,"column":32}},"type":"if","locations":[{"start":{"line":2,"column":4},"end":{"line":2,"column":32}},{"start":{},"end":{}}],"line":2},"1":{"loc":{"start":{"line":8,"column":4},"end":{"line":8,"column":79}},"type":"if","locations":[{"start":{"line":8,"column":4},"end":{"line":8,"column":79}},{"start":{},"end":{}}],"line":8}},"s":{"0":0,"1":0,"2":0,"3":0,"4":0,"5":0,"6":0,"7":0,"8":0},"f":{"0":0,"1":0,"2":0},"b":{"0":[0,0],"1":[0,0]}}
}
